Image 0000: cat 1.000000
Image 0001: ship 1.000000
Image 0002: ship 0.998135
Image 0003: airplane 1.000000
Image 0004: frog 0.999999
Image 0005: frog 0.999999
Image 0006: automobile 0.999972
Image 0007: frog 0.599498
Image 0008: cat 0.999996
Image 0009: automobile 0.999985
Image 0010: airplane 0.999758
Image 0011: truck 1.000000
Image 0012: dog 0.999986
Image 0013: horse 1.000000
Image 0014: truck 1.000000
Image 0015: ship 0.997505
Image 0016: dog 1.000000
Image 0017: horse 1.000000
Image 0018: ship 1.000000
Image 0019: frog 1.000000
Image 0020: horse 0.999906
Image 0021: airplane 0.878983
Image 0022: deer 0.847687
Image 0023: truck 1.000000
Image 0024: deer 0.749486
Image 0025: bird 0.999937
Image 0026: horse 0.988147
Image 0027: airplane 1.000000
Image 0028: truck 1.000000
Image 0029: frog 1.000000
Image 0030: frog 0.999998
Image 0031: dog 1.000000
Image 0032: deer 0.865583
Image 0033: dog 0.999959
Image 0034: truck 1.000000
Image 0035: cat 0.977803
Image 0036: deer 0.999967
Image 0037: automobile 0.980730
Image 0038: truck 1.000000
Image 0039: dog 1.000000
Image 0040: deer 1.000000
Image 0041: frog 1.000000
Image 0042: dog 0.999687
Image 0043: frog 1.000000
Image 0044: airplane 1.000000
Image 0045: truck 1.000000
Image 0046: cat 0.999955
Image 0047: truck 0.377452
Image 0048: horse 1.000000
Image 0049: frog 0.999375
Image 0050: truck 1.000000
Image 0051: ship 1.000000
Image 0052: airplane 0.981767
Image 0053: cat 0.998731
Image 0054: ship 1.000000
Image 0055: ship 1.000000
Image 0056: horse 0.999999
Image 0057: cat 0.540707
Image 0058: horse 0.981253
Image 0059: cat 0.763404
Image 0060: horse 1.000000
Image 0061: dog 0.769005
Image 0062: frog 0.999993
Image 0063: cat 0.999669
Image 0064: frog 1.000000
Image 0065: bird 0.999937
Image 0066: automobile 0.999996
Image 0067: bird 1.000000
Image 0068: cat 0.999997
Image 0069: horse 1.000000
Image 0070: bird 0.999902
Image 0071: frog 1.000000
Image 0072: ship 1.000000
Image 0073: ship 1.000000
Image 0074: airplane 1.000000
Image 0075: bird 1.000000
Image 0076: truck 1.000000
Image 0077: cat 1.000000
Image 0078: cat 0.798253
Image 0079: ship 1.000000
Image 0080: ship 1.000000
Image 0081: automobile 1.000000
Image 0082: automobile 1.000000
Image 0083: horse 1.000000
Image 0084: bird 0.999964
Image 0085: dog 0.970252
Image 0086: deer 0.999633
Image 0087: horse 0.899159
Image 0088: ship 1.000000
Image 0089: truck 1.000000
Image 0090: airplane 1.000000
Image 0091: frog 0.981909
Image 0092: ship 1.000000
Image 0093: frog 1.000000
Image 0094: deer 0.999955
Image 0095: frog 0.999151
Image 0096: frog 1.000000
Image 0097: airplane 0.999366
Image 0098: airplane 1.000000
Image 0099: horse 1.000000
Image 0100: deer 0.999613
Image 0101: dog 0.999910
Image 0102: frog 1.000000
Image 0103: cat 0.999939
Image 0104: automobile 1.000000
Image 0105: automobile 1.000000
Image 0106: cat 0.997681
Image 0107: frog 1.000000
Image 0108: ship 0.999596
Image 0109: horse 1.000000
Image 0110: deer 1.000000
Image 0111: airplane 1.000000
Image 0112: bird 0.999974
Image 0113: bird 1.000000
Image 0114: automobile 1.000000
Image 0115: cat 0.992705
Image 0116: airplane 1.000000
Image 0117: deer 0.999979
Image 0118: bird 0.998192
Image 0119: horse 0.719578
Image 0120: ship 1.000000
Image 0121: cat 0.989709
Image 0122: automobile 1.000000
Image 0123: bird 1.000000
Image 0124: ship 0.999113
Image 0125: bird 0.638220
Image 0126: airplane 0.998779
Image 0127: cat 0.999985
Image 0128: dog 0.590086
Image 0129: bird 1.000000
Image 0130: deer 1.000000
Image 0131: automobile 1.000000
Image 0132: ship 1.000000
Image 0133: truck 1.000000
Image 0134: automobile 0.997336
Image 0135: bird 0.999999
Image 0136: truck 1.000000
Image 0137: horse 1.000000
Image 0138: bird 1.000000
Image 0139: automobile 0.876752
Image 0140: frog 0.940880
Image 0141: dog 1.000000
Image 0142: frog 0.999997
Image 0143: cat 0.976062
Image 0144: ship 1.000000
Image 0145: truck 0.576096
Image 0146: frog 1.000000
Image 0147: dog 1.000000
Image 0148: dog 1.000000
Image 0149: bird 1.000000
Image 0150: ship 1.000000
Image 0151: truck 0.999632
Image 0152: frog 1.000000
Image 0153: airplane 1.000000
Image 0154: airplane 0.999257
Image 0155: dog 1.000000
Image 0156: bird 1.000000
Image 0157: truck 1.000000
Image 0158: dog 0.959360
Image 0159: deer 1.000000
Image 0160: bird 0.999595
Image 0161: automobile 1.000000
Image 0162: frog 0.999433
Image 0163: frog 1.000000
Image 0164: airplane 0.999479
Image 0165: deer 1.000000
Image 0166: ship 0.999995
Image 0167: deer 0.999519
Image 0168: dog 1.000000
Image 0169: airplane 0.469529
Image 0170: truck 1.000000
Image 0171: truck 0.999993
Image 0172: truck 1.000000
Image 0173: ship 1.000000
Image 0174: truck 1.000000
Image 0175: truck 1.000000
Image 0176: cat 1.000000
Image 0177: horse 1.000000
Image 0178: dog 0.999932
Image 0179: airplane 0.999997
Image 0180: airplane 0.999996
Image 0181: dog 1.000000
Image 0182: bird 1.000000
Image 0183: bird 0.970957
Image 0184: cat 1.000000
Image 0185: ship 1.000000
Image 0186: frog 0.999869
Image 0187: cat 0.999933
Image 0188: cat 1.000000
Image 0189: airplane 0.990967
Image 0190: dog 1.000000
Image 0191: ship 1.000000
Image 0192: airplane 0.901115
Image 0193: automobile 0.999996
Image 0194: horse 1.000000
Image 0195: horse 0.438027
Image 0196: ship 1.000000
Image 0197: ship 0.999995
Image 0198: horse 1.000000
Image 0199: ship 1.000000
Image 0200: dog 0.972702
Image 0201: automobile 1.000000
Image 0202: ship 1.000000
Image 0203: horse 0.999998
Image 0204: automobile 1.000000
Image 0205: cat 1.000000
Image 0206: airplane 1.000000
Image 0207: dog 1.000000
Image 0208: horse 1.000000
Image 0209: truck 1.000000
Image 0210: horse 0.999564
Image 0211: deer 1.000000
Image 0212: dog 1.000000
Image 0213: ship 0.604002
Image 0214: airplane 0.600260
Image 0215: airplane 0.873330
Image 0216: horse 1.000000
Image 0217: truck 1.000000
Image 0218: ship 0.999988
Image 0219: bird 1.000000
Image 0220: horse 1.000000
Image 0221: cat 0.499326
Image 0222: truck 1.000000
Image 0223: deer 0.938350
Image 0224: deer 0.992384
Image 0225: truck 1.000000
Image 0226: cat 0.878372
Image 0227: deer 1.000000
Image 0228: horse 0.995501
Image 0229: frog 1.000000
Image 0230: dog 1.000000
Image 0231: automobile 1.000000
Image 0232: cat 0.999581
Image 0233: ship 0.999996
Image 0234: ship 1.000000
Image 0235: airplane 1.000000
Image 0236: deer 1.000000
Image 0237: airplane 0.989350
Image 0238: dog 1.000000
Image 0239: dog 1.000000
Image 0240: automobile 1.000000
Image 0241: automobile 1.000000
Image 0242: ship 0.996947
Image 0243: truck 1.000000
Image 0244: airplane 1.000000
Image 0245: bird 0.994894
Image 0246: automobile 1.000000
Image 0247: ship 0.999959
Image 0248: bird 0.999839
Image 0249: bird 1.000000
Image 0250: dog 1.000000
Image 0251: cat 1.000000
Image 0252: truck 1.000000
Image 0253: truck 1.000000
Image 0254: deer 0.999749
Image 0255: airplane 0.998361
Image 0256: cat 1.000000
Image 0257: airplane 1.000000
Image 0258: ship 0.988174
Image 0259: truck 0.999988
Image 0260: ship 1.000000
Image 0261: automobile 1.000000
Image 0262: dog 0.999919
Image 0263: cat 0.999155
Image 0264: airplane 0.999988
Image 0265: ship 0.956001
Image 0266: bird 0.975188
Image 0267: deer 1.000000
Image 0268: horse 1.000000
Image 0269: airplane 0.995223
Image 0270: bird 1.000000
Image 0271: dog 0.993159
Image 0272: frog 1.000000
Image 0273: cat 0.999985
Image 0274: ship 1.000000
Image 0275: cat 0.867890
Image 0276: airplane 1.000000
Image 0277: bird 0.999590
Image 0278: deer 0.999941
Image 0279: cat 1.000000
Image 0280: truck 1.000000
Image 0281: ship 0.999645
Image 0282: frog 1.000000
Image 0283: automobile 1.000000
Image 0284: airplane 1.000000
Image 0285: truck 1.000000
Image 0286: automobile 1.000000
Image 0287: airplane 0.999999
Image 0288: horse 1.000000
Image 0289: truck 1.000000
Image 0290: automobile 1.000000
Image 0291: bird 1.000000
Image 0292: frog 1.000000
Image 0293: truck 0.995169
Image 0294: cat 1.000000
Image 0295: deer 0.965145
Image 0296: frog 1.000000
Image 0297: airplane 1.000000
Image 0298: airplane 1.000000
Image 0299: frog 1.000000
Image 0300: frog 1.000000
Image 0301: frog 1.000000
Image 0302: dog 0.897204
Image 0303: bird 0.999996
Image 0304: frog 1.000000
Image 0305: automobile 1.000000
Image 0306: truck 0.999905
Image 0307: bird 0.999999
Image 0308: truck 0.997414
Image 0309: deer 0.989265
Image 0310: ship 0.999965
Image 0311: frog 1.000000
Image 0312: airplane 0.999995
Image 0313: airplane 0.971164
Image 0314: deer 0.995978
Image 0315: airplane 1.000000
Image 0316: horse 0.999992
Image 0317: horse 1.000000
Image 0318: dog 1.000000
Image 0319: dog 1.000000
Image 0320: cat 1.000000
Image 0321: dog 1.000000
Image 0322: bird 1.000000
Image 0323: bird 0.994320
Image 0324: horse 0.981956
Image 0325: automobile 1.000000
Image 0326: horse 1.000000
Image 0327: dog 0.999937
Image 0328: deer 1.000000
Image 0329: frog 1.000000
Image 0330: automobile 1.000000
Image 0331: truck 1.000000
Image 0332: cat 0.985936
Image 0333: frog 1.000000
Image 0334: frog 1.000000
Image 0335: truck 1.000000
Image 0336: cat 1.000000
Image 0337: ship 1.000000
Image 0338: airplane 0.999994
Image 0339: horse 1.000000
Image 0340: bird 0.999996
Image 0341: frog 1.000000
Image 0342: bird 0.999980
Image 0343: dog 1.000000
Image 0344: ship 1.000000
Image 0345: dog 1.000000
Image 0346: horse 0.966287
Image 0347: frog 1.000000
Image 0348: ship 1.000000
Image 0349: truck 1.000000
Image 0350: truck 1.000000
Image 0351: automobile 1.000000
Image 0352: airplane 0.999998
Image 0353: bird 1.000000
Image 0354: bird 1.000000
Image 0355: deer 0.996901
Image 0356: horse 0.684949
Image 0357: bird 0.999370
Image 0358: ship 1.000000
Image 0359: airplane 1.000000
Image 0360: truck 1.000000
Image 0361: dog 1.000000
Image 0362: ship 1.000000
Image 0363: automobile 0.565109
Image 0364: truck 1.000000
Image 0365: deer 1.000000
Image 0366: automobile 0.999997
Image 0367: cat 0.999984
Image 0368: ship 0.999916
Image 0369: automobile 1.000000
Image 0370: bird 0.468863
Image 0371: horse 1.000000
Image 0372: truck 1.000000
Image 0373: bird 0.985382
Image 0374: bird 1.000000
Image 0375: horse 1.000000
Image 0376: airplane 0.999982
Image 0377: horse 0.999959
Image 0378: bird 0.438058
Image 0379: frog 1.000000
Image 0380: frog 1.000000
Image 0381: truck 1.000000
Image 0382: airplane 1.000000
Image 0383: truck 0.913595
Image 0384: dog 1.000000
Image 0385: ship 0.999994
Image 0386: horse 1.000000
Image 0387: bird 0.990561
Image 0388: bird 0.994740
Image 0389: dog 1.000000
Image 0390: automobile 1.000000
Image 0391: bird 1.000000
Image 0392: frog 0.999998
Image 0393: bird 0.999146
Image 0394: truck 0.999995
Image 0395: frog 0.999997
Image 0396: bird 1.000000
Image 0397: cat 1.000000
Image 0398: airplane 1.000000
Image 0399: cat 1.000000
Image 0400: truck 1.000000
Image 0401: ship 0.999968
Image 0402: horse 1.000000
Image 0403: ship 1.000000
Image 0404: ship 1.000000
Image 0405: deer 0.911037
Image 0406: airplane 1.000000
Image 0407: automobile 0.999999
Image 0408: ship 1.000000
Image 0409: bird 0.999985
Image 0410: horse 1.000000
Image 0411: truck 0.999889
Image 0412: cat 0.999614
Image 0413: frog 1.000000
Image 0414: automobile 1.000000
Image 0415: truck 1.000000
Image 0416: airplane 0.999977
Image 0417: horse 1.000000
Image 0418: cat 0.999680
Image 0419: horse 1.000000
Image 0420: deer 0.999997
Image 0421: dog 1.000000
Image 0422: ship 1.000000
Image 0423: airplane 1.000000
Image 0424: bird 1.000000
Image 0425: truck 1.000000
Image 0426: frog 0.748929
Image 0427: deer 0.804298
Image 0428: airplane 1.000000
Image 0429: frog 1.000000
Image 0430: bird 0.998256
Image 0431: dog 0.999663
Image 0432: cat 1.000000
Image 0433: horse 0.764273
Image 0434: horse 0.993706
Image 0435: horse 1.000000
Image 0436: bird 0.999954
Image 0437: dog 1.000000
Image 0438: cat 1.000000
Image 0439: truck 0.973291
Image 0440: automobile 1.000000
Image 0441: deer 0.995615
Image 0442: truck 1.000000
Image 0443: truck 0.999979
Image 0444: dog 1.000000
Image 0445: horse 1.000000
Image 0446: dog 0.999998
Image 0447: airplane 1.000000
Image 0448: bird 1.000000
Image 0449: airplane 0.999993
Image 0450: bird 1.000000
Image 0451: truck 1.000000
Image 0452: horse 0.999999
Image 0453: cat 0.999181
Image 0454: truck 1.000000
Image 0455: deer 0.999997
Image 0456: deer 0.999429
Image 0457: dog 1.000000
Image 0458: cat 0.974125
Image 0459: bird 0.760100
Image 0460: dog 1.000000
Image 0461: frog 1.000000
Image 0462: automobile 1.000000
Image 0463: deer 0.998930
Image 0464: cat 0.814245
Image 0465: deer 1.000000
Image 0466: deer 1.000000
Image 0467: cat 1.000000
Image 0468: horse 0.993498
Image 0469: ship 1.000000
Image 0470: cat 0.993613
Image 0471: horse 1.000000
Image 0472: ship 1.000000
Image 0473: airplane 0.987013
Image 0474: dog 0.984784
Image 0475: horse 1.000000
Image 0476: frog 1.000000
Image 0477: airplane 0.999851
Image 0478: dog 1.000000
Image 0479: deer 1.000000
Image 0480: ship 0.999574
Image 0481: frog 1.000000
Image 0482: ship 1.000000
Image 0483: dog 0.735464
Image 0484: dog 1.000000
Image 0485: truck 0.834058
Image 0486: truck 1.000000
Image 0487: truck 1.000000
Image 0488: deer 0.999329
Image 0489: airplane 0.857547
Image 0490: automobile 1.000000
Image 0491: airplane 0.981766
Image 0492: ship 1.000000
Image 0493: automobile 1.000000
Image 0494: automobile 1.000000
Image 0495: ship 1.000000
Image 0496: airplane 1.000000
Image 0497: bird 1.000000
Image 0498: bird 1.000000
Image 0499: airplane 1.000000
Image 0500: deer 0.999946
Image 0501: frog 1.000000
Image 0502: dog 0.999993
Image 0503: deer 0.999958
Image 0504: truck 1.000000
Image 0505: deer 1.000000
Image 0506: horse 1.000000
Image 0507: truck 1.000000
Image 0508: truck 0.999291
Image 0509: deer 1.000000
Image 0510: dog 1.000000
Image 0511: frog 1.000000
Image 0512: frog 1.000000
Image 0513: automobile 0.999998
Image 0514: dog 1.000000
Image 0515: cat 0.999985
Image 0516: ship 1.000000
Image 0517: truck 1.000000
Image 0518: horse 0.999990
Image 0519: ship 1.000000
Image 0520: dog 0.999993
Image 0521: horse 1.000000
Image 0522: airplane 1.000000
Image 0523: horse 1.000000
Image 0524: airplane 1.000000
Image 0525: dog 1.000000
Image 0526: airplane 0.983160
Image 0527: airplane 0.999999
Image 0528: deer 1.000000
Image 0529: frog 1.000000
Image 0530: truck 1.000000
Image 0531: airplane 0.999735
Image 0532: truck 1.000000
Image 0533: dog 1.000000
Image 0534: frog 1.000000
Image 0535: frog 1.000000
Image 0536: frog 1.000000
Image 0537: bird 0.999997
Image 0538: truck 0.988775
Image 0539: airplane 1.000000
Image 0540: automobile 1.000000
Image 0541: horse 0.990277
Image 0542: frog 1.000000
Image 0543: horse 1.000000
Image 0544: dog 1.000000
Image 0545: truck 1.000000
Image 0546: automobile 1.000000
Image 0547: frog 1.000000
Image 0548: bird 1.000000
Image 0549: dog 0.825728
Image 0550: dog 0.999427
Image 0551: dog 0.760296
Image 0552: ship 0.999998
Image 0553: dog 0.999992
Image 0554: truck 1.000000
Image 0555: deer 0.999929
Image 0556: frog 0.999986
Image 0557: deer 1.000000
Image 0558: cat 1.000000
Image 0559: bird 1.000000
Image 0560: airplane 1.000000
Image 0561: horse 1.000000
Image 0562: frog 1.000000
Image 0563: airplane 0.449152
Image 0564: bird 1.000000
Image 0565: cat 1.000000
Image 0566: truck 1.000000
Image 0567: cat 0.997710
Image 0568: truck 0.990364
Image 0569: bird 1.000000
Image 0570: frog 0.950258
Image 0571: horse 1.000000
Image 0572: automobile 1.000000
Image 0573: cat 0.999998
Image 0574: frog 1.000000
Image 0575: frog 1.000000
Image 0576: ship 1.000000
Image 0577: ship 0.955310
Image 0578: horse 0.999999
Image 0579: dog 1.000000
Image 0580: deer 1.000000
Image 0581: airplane 1.000000
Image 0582: ship 0.999998
Image 0583: deer 0.999830
Image 0584: airplane 1.000000
Image 0585: truck 1.000000
Image 0586: cat 0.999260
Image 0587: deer 0.999985
Image 0588: ship 1.000000
Image 0589: truck 1.000000
Image 0590: frog 1.000000
Image 0591: truck 1.000000
Image 0592: bird 1.000000
Image 0593: frog 0.999997
Image 0594: automobile 1.000000
Image 0595: deer 0.999998
Image 0596: horse 1.000000
Image 0597: cat 0.999312
Image 0598: bird 0.999815
Image 0599: cat 1.000000
Image 0600: ship 1.000000
Image 0601: dog 0.840816
Image 0602: airplane 1.000000
Image 0603: bird 1.000000
Image 0604: automobile 1.000000
Image 0605: frog 1.000000
Image 0606: deer 0.999879
Image 0607: dog 0.741632
Image 0608: cat 1.000000
Image 0609: truck 1.000000
Image 0610: frog 1.000000
Image 0611: truck 1.000000
Image 0612: ship 1.000000
Image 0613: ship 1.000000
Image 0614: dog 1.000000
Image 0615: ship 0.998700
Image 0616: frog 1.000000
Image 0617: frog 1.000000
Image 0618: bird 0.879836
Image 0619: automobile 1.000000
Image 0620: horse 1.000000
Image 0621: horse 0.684081
Image 0622: automobile 1.000000
Image 0623: bird 1.000000
Image 0624: horse 1.000000
Image 0625: truck 1.000000
Image 0626: truck 1.000000
Image 0627: deer 1.000000
Image 0628: deer 1.000000
Image 0629: automobile 0.999851
Image 0630: bird 0.968776
Image 0631: dog 0.999990
Image 0632: frog 1.000000
Image 0633: ship 1.000000
Image 0634: horse 1.000000
Image 0635: frog 0.998667
Image 0636: ship 1.000000
Image 0637: cat 0.999942
Image 0638: airplane 1.000000
Image 0639: cat 0.835043
Image 0640: cat 0.863738
Image 0641: cat 0.991957
Image 0642: airplane 0.999988
Image 0643: horse 1.000000
Image 0644: truck 1.000000
Image 0645: automobile 1.000000
Image 0646: cat 0.999997
Image 0647: deer 0.969497
Image 0648: deer 1.000000
Image 0649: dog 1.000000
Image 0650: cat 1.000000
Image 0651: truck 1.000000
Image 0652: dog 1.000000
Image 0653: frog 0.999953
Image 0654: truck 0.999999
Image 0655: bird 0.815710
Image 0656: automobile 1.000000
Image 0657: automobile 0.972737
Image 0658: deer 0.999823
Image 0659: automobile 1.000000
Image 0660: truck 1.000000
Image 0661: deer 0.999999
Image 0662: horse 1.000000
Image 0663: frog 0.999967
Image 0664: cat 1.000000
Image 0665: airplane 0.999738
Image 0666: truck 1.000000
Image 0667: airplane 1.000000
Image 0668: automobile 1.000000
Image 0669: cat 1.000000
Image 0670: frog 1.000000
Image 0671: horse 0.997105
Image 0672: bird 0.850673
Image 0673: cat 1.000000
Image 0674: bird 1.000000
Image 0675: ship 0.969864
Image 0676: cat 1.000000
Image 0677: automobile 0.999994
Image 0678: airplane 0.993116
Image 0679: dog 1.000000
Image 0680: automobile 0.993099
Image 0681: frog 1.000000
Image 0682: deer 0.997447
Image 0683: automobile 0.918945
Image 0684: truck 1.000000
Image 0685: bird 0.451222
Image 0686: truck 1.000000
Image 0687: frog 0.999137
Image 0688: cat 0.999733
Image 0689: airplane 0.962697
Image 0690: cat 1.000000
Image 0691: bird 1.000000
Image 0692: bird 0.999157
Image 0693: horse 1.000000
Image 0694: ship 1.000000
Image 0695: cat 1.000000
Image 0696: ship 0.713720
Image 0697: bird 0.999965
Image 0698: horse 1.000000
Image 0699: dog 1.000000
Image 0700: horse 1.000000
Image 0701: bird 0.999960
Image 0702: deer 1.000000
Image 0703: ship 0.999962
Image 0704: horse 0.999945
Image 0705: deer 1.000000
Image 0706: bird 1.000000
Image 0707: truck 0.999999
Image 0708: ship 0.985159
Image 0709: ship 1.000000
Image 0710: bird 0.999847
Image 0711: airplane 0.978810
Image 0712: ship 1.000000
Image 0713: horse 0.999952
Image 0714: deer 0.999997
Image 0715: cat 0.983213
Image 0716: cat 1.000000
Image 0717: ship 0.999294
Image 0718: deer 0.999998
Image 0719: truck 1.000000
Image 0720: deer 1.000000
Image 0721: ship 1.000000
Image 0722: ship 1.000000
Image 0723: automobile 1.000000
Image 0724: ship 1.000000
Image 0725: ship 0.781759
Image 0726: automobile 1.000000
Image 0727: dog 0.993588
Image 0728: frog 0.999999
Image 0729: dog 1.000000
Image 0730: deer 1.000000
Image 0731: airplane 0.990324
Image 0732: horse 1.000000
Image 0733: truck 0.999995
Image 0734: automobile 0.997985
Image 0735: bird 0.613975
Image 0736: automobile 0.999996
Image 0737: deer 1.000000
Image 0738: automobile 1.000000
Image 0739: cat 0.803241
Image 0740: dog 0.599597
Image 0741: horse 1.000000
Image 0742: airplane 1.000000
Image 0743: horse 1.000000
Image 0744: truck 0.978475
Image 0745: horse 1.000000
Image 0746: frog 0.996749
Image 0747: frog 1.000000
Image 0748: bird 1.000000
Image 0749: cat 0.999992
Image 0750: truck 1.000000
Image 0751: airplane 0.999992
Image 0752: truck 1.000000
Image 0753: automobile 1.000000
Image 0754: bird 1.000000
Image 0755: bird 0.999752
Image 0756: frog 1.000000
Image 0757: ship 1.000000
Image 0758: bird 1.000000
Image 0759: automobile 1.000000
Image 0760: cat 0.999995
Image 0761: frog 0.996456
Image 0762: frog 1.000000
Image 0763: airplane 1.000000
Image 0764: automobile 1.000000
Image 0765: bird 1.000000
Image 0766: horse 0.999333
Image 0767: airplane 0.966574
Image 0768: dog 1.000000
Image 0769: deer 1.000000
Image 0770: cat 0.994257
Image 0771: truck 0.999502
Image 0772: frog 1.000000
Image 0773: deer 0.999735
Image 0774: airplane 0.996415
Image 0775: bird 0.999994
Image 0776: dog 0.966102
Image 0777: frog 1.000000
Image 0778: airplane 1.000000
Image 0779: frog 0.998995
Image 0780: truck 1.000000
Image 0781: automobile 1.000000
Image 0782: horse 1.000000
Image 0783: frog 1.000000
Image 0784: horse 1.000000
Image 0785: airplane 0.999998
Image 0786: cat 1.000000
Image 0787: truck 1.000000
Image 0788: deer 0.816120
Image 0789: ship 1.000000
Image 0790: cat 0.999984
Image 0791: airplane 1.000000
Image 0792: cat 0.997899
Image 0793: cat 0.986875
Image 0794: horse 0.999887
Image 0795: horse 1.000000
Image 0796: cat 0.996073
Image 0797: deer 0.999976
Image 0798: horse 1.000000
Image 0799: deer 0.994859
Image 0800: horse 1.000000
Image 0801: automobile 1.000000
Image 0802: deer 0.999998
Image 0803: horse 1.000000
Image 0804: deer 0.999932
Image 0805: deer 0.999924
Image 0806: ship 1.000000
Image 0807: deer 0.994998
Image 0808: horse 1.000000
Image 0809: horse 0.999967
Image 0810: bird 1.000000
Image 0811: dog 0.954876
Image 0812: horse 1.000000
Image 0813: bird 1.000000
Image 0814: airplane 0.722054
Image 0815: ship 1.000000
Image 0816: truck 1.000000
Image 0817: dog 1.000000
Image 0818: ship 0.932423
Image 0819: bird 0.993259
Image 0820: frog 0.994994
Image 0821: bird 1.000000
Image 0822: airplane 0.999768
Image 0823: ship 1.000000
Image 0824: horse 1.000000
Image 0825: cat 1.000000
Image 0826: horse 1.000000
Image 0827: frog 1.000000
Image 0828: dog 1.000000
Image 0829: cat 0.999999
Image 0830: automobile 0.999563
Image 0831: truck 0.493764
Image 0832: bird 1.000000
Image 0833: bird 1.000000
Image 0834: dog 0.996989
Image 0835: deer 0.816632
Image 0836: truck 0.999054
Image 0837: bird 1.000000
Image 0838: truck 1.000000
Image 0839: bird 1.000000
Image 0840: horse 1.000000
Image 0841: airplane 1.000000
Image 0842: horse 1.000000
Image 0843: bird 1.000000
Image 0844: automobile 1.000000
Image 0845: airplane 0.999991
Image 0846: bird 1.000000
Image 0847: airplane 1.000000
Image 0848: bird 0.999165
Image 0849: deer 1.000000
Image 0850: dog 0.856085
Image 0851: truck 1.000000
Image 0852: ship 1.000000
Image 0853: truck 0.999970
Image 0854: airplane 1.000000
Image 0855: horse 1.000000
Image 0856: horse 0.999985
Image 0857: airplane 0.999998
Image 0858: horse 1.000000
Image 0859: ship 0.999903
Image 0860: deer 0.999685
Image 0861: frog 1.000000
Image 0862: frog 0.948359
Image 0863: cat 1.000000
Image 0864: airplane 1.000000
Image 0865: automobile 1.000000
Image 0866: cat 0.993216
Image 0867: horse 1.000000
Image 0868: airplane 1.000000
Image 0869: automobile 1.000000
Image 0870: cat 0.999980
Image 0871: automobile 1.000000
Image 0872: deer 0.999999
Image 0873: bird 1.000000
Image 0874: cat 1.000000
Image 0875: ship 1.000000
Image 0876: deer 1.000000
Image 0877: bird 1.000000
Image 0878: cat 0.996531
Image 0879: horse 1.000000
Image 0880: ship 1.000000
Image 0881: deer 0.999959
Image 0882: airplane 0.998726
Image 0883: airplane 0.988997
Image 0884: truck 1.000000
Image 0885: airplane 0.999982
Image 0886: airplane 0.959406
Image 0887: automobile 0.999972
Image 0888: bird 0.956042
Image 0889: deer 1.000000
Image 0890: deer 0.999986
Image 0891: frog 1.000000
Image 0892: horse 1.000000
Image 0893: cat 1.000000
Image 0894: automobile 1.000000
Image 0895: automobile 0.999665
Image 0896: cat 1.000000
Image 0897: horse 1.000000
Image 0898: cat 0.800968
Image 0899: dog 1.000000
Image 0900: bird 0.999895
Image 0901: frog 0.999999
Image 0902: frog 1.000000
Image 0903: dog 1.000000
Image 0904: ship 0.845079
Image 0905: horse 1.000000
Image 0906: automobile 1.000000
Image 0907: frog 1.000000
Image 0908: ship 0.999999
Image 0909: ship 1.000000
Image 0910: deer 0.849562
Image 0911: cat 1.000000
Image 0912: airplane 0.912491
Image 0913: deer 1.000000
Image 0914: airplane 1.000000
Image 0915: automobile 1.000000
Image 0916: deer 0.898274
Image 0917: ship 1.000000
Image 0918: ship 1.000000
Image 0919: airplane 1.000000
Image 0920: frog 1.000000
Image 0921: truck 1.000000
Image 0922: truck 0.999988
Image 0923: truck 0.790764
Image 0924: dog 0.999778
Image 0925: cat 0.999999
Image 0926: ship 0.973435
Image 0927: frog 0.999996
Image 0928: airplane 1.000000
Image 0929: airplane 1.000000
Image 0930: deer 1.000000
Image 0931: bird 1.000000
Image 0932: cat 0.999992
Image 0933: bird 0.999983
Image 0934: horse 1.000000
Image 0935: bird 0.999951
Image 0936: bird 0.999992
Image 0937: dog 1.000000
Image 0938: truck 0.898845
Image 0939: ship 1.000000
Image 0940: truck 1.000000
Image 0941: automobile 0.999847
Image 0942: horse 1.000000
Image 0943: cat 0.613120
Image 0944: airplane 1.000000
Image 0945: cat 1.000000
Image 0946: airplane 1.000000
Image 0947: automobile 1.000000
Image 0948: deer 0.828695
Image 0949: ship 1.000000
Image 0950: cat 0.986244
Image 0951: truck 1.000000
Image 0952: frog 1.000000
Image 0953: airplane 0.952922
Image 0954: deer 1.000000
Image 0955: horse 1.000000
Image 0956: bird 0.999970
Image 0957: frog 0.991349
Image 0958: horse 1.000000
Image 0959: ship 1.000000
Image 0960: truck 1.000000
Image 0961: automobile 0.999994
Image 0962: automobile 1.000000
Image 0963: frog 1.000000
Image 0964: frog 0.999999
Image 0965: frog 0.998405
Image 0966: cat 0.999953
Image 0967: truck 1.000000
Image 0968: automobile 1.000000
Image 0969: truck 1.000000
Image 0970: truck 1.000000
Image 0971: deer 0.999999
Image 0972: bird 0.999981
Image 0973: automobile 1.000000
Image 0974: horse 0.999962
Image 0975: airplane 1.000000
Image 0976: frog 1.000000
Image 0977: ship 1.000000
Image 0978: automobile 0.999995
Image 0979: truck 1.000000
Image 0980: bird 1.000000
Image 0981: truck 0.999999
Image 0982: cat 0.778595
Image 0983: deer 1.000000
Image 0984: horse 1.000000
Image 0985: ship 1.000000
Image 0986: cat 0.999999
Image 0987: automobile 1.000000
Image 0988: bird 1.000000
Image 0989: airplane 1.000000
Image 0990: automobile 1.000000
Image 0991: dog 1.000000
Image 0992: ship 1.000000
Image 0993: horse 0.999853
Image 0994: dog 0.644783
Image 0995: cat 0.999819
Image 0996: ship 1.000000
Image 0997: automobile 0.999977
Image 0998: cat 1.000000
Image 0999: ship 1.000000
Image 1000: dog 1.000000
Image 1001: airplane 1.000000
Image 1002: ship 0.989574
Image 1003: deer 1.000000
Image 1004: ship 1.000000
Image 1005: automobile 1.000000
Image 1006: automobile 1.000000
Image 1007: ship 0.999893
Image 1008: truck 0.997790
Image 1009: frog 1.000000
Image 1010: airplane 1.000000
Image 1011: ship 1.000000
Image 1012: frog 0.999983
Image 1013: automobile 1.000000
Image 1014: cat 1.000000
Image 1015: deer 1.000000
Image 1016: automobile 1.000000
Image 1017: frog 1.000000
Image 1018: airplane 1.000000
Image 1019: cat 0.999991
Image 1020: automobile 1.000000
Image 1021: automobile 0.999990
Image 1022: airplane 0.999998
Image 1023: airplane 1.000000
Image 1024: cat 0.987150
Image 1025: dog 1.000000
Image 1026: truck 0.806407
Image 1027: airplane 1.000000
Image 1028: frog 1.000000
Image 1029: frog 1.000000
Image 1030: cat 1.000000
Image 1031: cat 1.000000
Image 1032: frog 0.999221
Image 1033: cat 1.000000
Image 1034: cat 0.999970
Image 1035: frog 0.996229
Image 1036: airplane 1.000000
Image 1037: horse 1.000000
Image 1038: bird 1.000000
Image 1039: bird 0.857660
Image 1040: bird 0.851515
Image 1041: dog 1.000000
Image 1042: bird 0.999990
Image 1043: airplane 0.950788
Image 1044: ship 1.000000
Image 1045: dog 1.000000
Image 1046: bird 0.999968
Image 1047: automobile 0.999724
Image 1048: automobile 1.000000
Image 1049: deer 1.000000
Image 1050: horse 0.860046
Image 1051: bird 0.992473
Image 1052: airplane 1.000000
Image 1053: cat 1.000000
Image 1054: automobile 1.000000
Image 1055: dog 1.000000
Image 1056: cat 0.999198
Image 1057: horse 0.999940
Image 1058: frog 1.000000
Image 1059: ship 1.000000
Image 1060: truck 1.000000
Image 1061: automobile 0.999984
Image 1062: frog 1.000000
Image 1063: deer 1.000000
Image 1064: truck 0.999931
Image 1065: cat 0.980454
Image 1066: automobile 0.967419
Image 1067: airplane 1.000000
Image 1068: truck 1.000000
Image 1069: frog 1.000000
Image 1070: cat 1.000000
Image 1071: frog 1.000000
Image 1072: ship 1.000000
Image 1073: horse 1.000000
Image 1074: cat 0.999742
Image 1075: ship 0.999906
Image 1076: airplane 1.000000
Image 1077: airplane 1.000000
Image 1078: airplane 1.000000
Image 1079: frog 1.000000
Image 1080: frog 1.000000
Image 1081: frog 1.000000
Image 1082: truck 0.999575
Image 1083: bird 1.000000
Image 1084: dog 1.000000
Image 1085: deer 1.000000
Image 1086: deer 1.000000
Image 1087: frog 1.000000
Image 1088: cat 0.999954
Image 1089: frog 1.000000
Image 1090: airplane 0.999954
Image 1091: ship 1.000000
Image 1092: frog 0.997960
Image 1093: bird 0.981247
Image 1094: frog 0.998837
Image 1095: frog 0.506718
Image 1096: horse 1.000000
Image 1097: dog 1.000000
Image 1098: automobile 1.000000
Image 1099: bird 1.000000
Image 1100: horse 0.688772
Image 1101: ship 1.000000
Image 1102: ship 1.000000
Image 1103: airplane 1.000000
Image 1104: truck 1.000000
Image 1105: cat 0.878427
Image 1106: truck 1.000000
Image 1107: horse 1.000000
Image 1108: bird 1.000000
Image 1109: airplane 1.000000
Image 1110: bird 1.000000
Image 1111: ship 1.000000
Image 1112: cat 0.999425
Image 1113: ship 1.000000
Image 1114: truck 1.000000
Image 1115: automobile 1.000000
Image 1116: dog 1.000000
Image 1117: dog 1.000000
Image 1118: horse 0.999848
Image 1119: horse 1.000000
Image 1120: dog 1.000000
Image 1121: cat 0.951063
Image 1122: ship 1.000000
Image 1123: cat 1.000000
Image 1124: cat 1.000000
Image 1125: frog 1.000000
Image 1126: airplane 0.999176
Image 1127: ship 1.000000
Image 1128: deer 1.000000
Image 1129: frog 0.692680
Image 1130: horse 0.999647
Image 1131: truck 1.000000
Image 1132: cat 0.979168
Image 1133: deer 1.000000
Image 1134: automobile 1.000000
Image 1135: frog 1.000000
Image 1136: truck 1.000000
Image 1137: airplane 0.999535
Image 1138: cat 0.754962
Image 1139: ship 1.000000
Image 1140: frog 1.000000
Image 1141: automobile 1.000000
Image 1142: ship 1.000000
Image 1143: frog 1.000000
Image 1144: automobile 1.000000
Image 1145: deer 0.999975
Image 1146: bird 1.000000
Image 1147: truck 0.989456
Image 1148: bird 1.000000
Image 1149: horse 0.999999
Image 1150: deer 0.959503
Image 1151: bird 1.000000
Image 1152: airplane 1.000000
Image 1153: ship 1.000000
Image 1154: frog 1.000000
Image 1155: truck 1.000000
Image 1156: automobile 0.976973
Image 1157: horse 0.999991
Image 1158: automobile 1.000000
Image 1159: ship 1.000000
Image 1160: ship 1.000000
Image 1161: airplane 1.000000
Image 1162: horse 1.000000
Image 1163: dog 0.999334
Image 1164: ship 1.000000
Image 1165: airplane 0.999997
Image 1166: cat 0.979001
Image 1167: frog 0.492696
Image 1168: cat 0.999384
Image 1169: horse 1.000000
Image 1170: horse 1.000000
Image 1171: truck 1.000000
Image 1172: bird 0.874383
Image 1173: cat 1.000000
Image 1174: automobile 1.000000
Image 1175: truck 1.000000
Image 1176: automobile 1.000000
Image 1177: automobile 0.632300
Image 1178: frog 0.995683
Image 1179: cat 1.000000
Image 1180: cat 0.999999
Image 1181: frog 0.997713
Image 1182: automobile 1.000000
Image 1183: airplane 1.000000
Image 1184: frog 0.999997
Image 1185: automobile 0.995425
Image 1186: deer 1.000000
Image 1187: automobile 1.000000
Image 1188: airplane 0.999935
Image 1189: airplane 1.000000
Image 1190: automobile 1.000000
Image 1191: automobile 0.999999
Image 1192: frog 0.999339
Image 1193: cat 0.829918
Image 1194: deer 1.000000
Image 1195: frog 1.000000
Image 1196: bird 1.000000
Image 1197: airplane 1.000000
Image 1198: horse 1.000000
Image 1199: truck 1.000000
Image 1200: ship 1.000000
Image 1201: horse 1.000000
Image 1202: bird 1.000000
Image 1203: airplane 0.999956
Image 1204: frog 1.000000
Image 1205: ship 0.999956
Image 1206: automobile 1.000000
Image 1207: deer 1.000000
Image 1208: cat 0.999618
Image 1209: horse 1.000000
Image 1210: airplane 1.000000
Image 1211: frog 0.999875
Image 1212: automobile 1.000000
Image 1213: ship 1.000000
Image 1214: dog 1.000000
Image 1215: horse 1.000000
Image 1216: ship 1.000000
Image 1217: deer 0.999970
Image 1218: ship 1.000000
Image 1219: cat 0.999998
Image 1220: truck 0.999793
Image 1221: truck 1.000000
Image 1222: truck 0.998047
Image 1223: ship 1.000000
Image 1224: horse 1.000000
Image 1225: frog 0.999993
Image 1226: frog 1.000000
Image 1227: cat 0.999939
Image 1228: dog 0.971006
Image 1229: automobile 1.000000
Image 1230: cat 0.999907
Image 1231: truck 1.000000
Image 1232: automobile 1.000000
Image 1233: deer 1.000000
Image 1234: automobile 1.000000
Image 1235: dog 1.000000
Image 1236: horse 0.997010
Image 1237: airplane 0.999977
Image 1238: automobile 1.000000
Image 1239: dog 0.999991
Image 1240: bird 1.000000
Image 1241: airplane 0.999921
Image 1242: ship 0.999987
Image 1243: ship 1.000000
Image 1244: dog 0.999622
Image 1245: frog 1.000000
Image 1246: horse 1.000000
Image 1247: cat 0.997098
Image 1248: bird 0.929216
Image 1249: deer 1.000000
Image 1250: horse 1.000000
Image 1251: ship 0.533133
Image 1252: dog 1.000000
Image 1253: ship 1.000000
Image 1254: bird 1.000000
Image 1255: deer 1.000000
Image 1256: truck 1.000000
Image 1257: bird 1.000000
Image 1258: automobile 1.000000
Image 1259: ship 1.000000
Image 1260: automobile 1.000000
Image 1261: truck 0.999976
Image 1262: ship 1.000000
Image 1263: airplane 0.999727
Image 1264: ship 1.000000
Image 1265: automobile 1.000000
Image 1266: airplane 1.000000
Image 1267: deer 0.998727
Image 1268: bird 0.925952
Image 1269: cat 1.000000
Image 1270: automobile 1.000000
Image 1271: ship 1.000000
Image 1272: horse 0.999959
Image 1273: frog 1.000000
Image 1274: cat 1.000000
Image 1275: cat 0.998900
Image 1276: dog 1.000000
Image 1277: bird 0.999056
Image 1278: bird 1.000000
Image 1279: ship 1.000000
Image 1280: cat 0.999985
Image 1281: ship 1.000000
Image 1282: truck 1.000000
Image 1283: dog 1.000000
Image 1284: ship 1.000000
Image 1285: truck 0.999970
Image 1286: ship 1.000000
Image 1287: truck 1.000000
Image 1288: automobile 1.000000
Image 1289: frog 1.000000
Image 1290: dog 1.000000
Image 1291: truck 1.000000
Image 1292: cat 0.998924
Image 1293: deer 0.995043
Image 1294: ship 0.926092
Image 1295: airplane 1.000000
Image 1296: horse 0.999998
Image 1297: airplane 0.990104
Image 1298: truck 1.000000
Image 1299: horse 1.000000
Image 1300: deer 0.999017
Image 1301: automobile 1.000000
Image 1302: frog 1.000000
Image 1303: deer 1.000000
Image 1304: ship 0.755285
Image 1305: truck 1.000000
Image 1306: truck 0.957107
Image 1307: bird 0.999999
Image 1308: dog 0.999817
Image 1309: frog 1.000000
Image 1310: airplane 1.000000
Image 1311: ship 1.000000
Image 1312: frog 1.000000
Image 1313: automobile 1.000000
Image 1314: truck 1.000000
Image 1315: deer 1.000000
Image 1316: dog 1.000000
Image 1317: truck 1.000000
Image 1318: dog 0.999986
Image 1319: airplane 1.000000
Image 1320: horse 1.000000
Image 1321: bird 1.000000
Image 1322: airplane 0.999999
Image 1323: airplane 1.000000
Image 1324: deer 1.000000
Image 1325: deer 0.999868
Image 1326: frog 0.999957
Image 1327: frog 1.000000
Image 1328: dog 0.999997
Image 1329: dog 0.999928
Image 1330: bird 1.000000
Image 1331: ship 0.999191
Image 1332: automobile 1.000000
Image 1333: horse 0.999942
Image 1334: cat 0.999021
Image 1335: automobile 1.000000
Image 1336: deer 1.000000
Image 1337: dog 0.999650
Image 1338: frog 1.000000
Image 1339: cat 0.999998
Image 1340: automobile 1.000000
Image 1341: deer 0.999513
Image 1342: horse 1.000000
Image 1343: airplane 1.000000
Image 1344: truck 1.000000
Image 1345: deer 0.999972
Image 1346: truck 0.739354
Image 1347: ship 1.000000
Image 1348: bird 1.000000
Image 1349: ship 1.000000
Image 1350: deer 0.999995
Image 1351: horse 1.000000
Image 1352: bird 1.000000
Image 1353: cat 0.628443
Image 1354: automobile 1.000000
Image 1355: cat 0.999291
Image 1356: bird 0.999941
Image 1357: truck 1.000000
Image 1358: ship 1.000000
Image 1359: truck 1.000000
Image 1360: horse 1.000000
Image 1361: truck 1.000000
Image 1362: dog 1.000000
Image 1363: automobile 1.000000
Image 1364: deer 0.999766
Image 1365: airplane 1.000000
Image 1366: ship 1.000000
Image 1367: bird 1.000000
Image 1368: cat 0.978095
Image 1369: ship 1.000000
Image 1370: truck 0.999997
Image 1371: automobile 1.000000
Image 1372: truck 0.999953
Image 1373: cat 0.999665
Image 1374: bird 0.999972
Image 1375: deer 1.000000
Image 1376: truck 1.000000
Image 1377: cat 0.999971
Image 1378: automobile 1.000000
Image 1379: horse 1.000000
Image 1380: deer 0.998648
Image 1381: frog 1.000000
Image 1382: bird 1.000000
Image 1383: ship 0.999278
Image 1384: truck 1.000000
Image 1385: dog 0.999997
Image 1386: cat 1.000000
Image 1387: truck 1.000000
Image 1388: dog 0.889058
Image 1389: dog 1.000000
Image 1390: frog 0.999704
Image 1391: cat 0.977537
Image 1392: bird 1.000000
Image 1393: cat 0.999949
Image 1394: dog 0.714714
Image 1395: cat 0.970632
Image 1396: automobile 1.000000
Image 1397: airplane 1.000000
Image 1398: horse 0.999985
Image 1399: bird 0.971019
Image 1400: dog 1.000000
Image 1401: deer 1.000000
Image 1402: horse 1.000000
Image 1403: frog 0.999898
Image 1404: automobile 1.000000
Image 1405: automobile 0.999937
Image 1406: truck 1.000000
Image 1407: ship 0.999962
Image 1408: automobile 1.000000
Image 1409: airplane 1.000000
Image 1410: automobile 1.000000
Image 1411: cat 1.000000
Image 1412: automobile 1.000000
Image 1413: automobile 0.999887
Image 1414: automobile 1.000000
Image 1415: horse 1.000000
Image 1416: cat 0.999990
Image 1417: truck 1.000000
Image 1418: frog 0.999996
Image 1419: ship 1.000000
Image 1420: deer 0.999976
Image 1421: frog 1.000000
Image 1422: ship 0.980563
Image 1423: deer 1.000000
Image 1424: truck 1.000000
Image 1425: deer 0.999674
Image 1426: horse 1.000000
Image 1427: truck 1.000000
Image 1428: horse 1.000000
Image 1429: cat 0.993511
Image 1430: ship 0.994050
Image 1431: deer 0.999994
Image 1432: truck 1.000000
Image 1433: horse 1.000000
Image 1434: airplane 1.000000
Image 1435: automobile 1.000000
Image 1436: frog 1.000000
Image 1437: automobile 1.000000
Image 1438: dog 0.999961
Image 1439: truck 0.999993
Image 1440: airplane 0.997879
Image 1441: deer 0.999657
Image 1442: cat 0.853239
Image 1443: deer 0.999894
Image 1444: automobile 1.000000
Image 1445: cat 0.642757
Image 1446: airplane 1.000000
Image 1447: ship 1.000000
Image 1448: deer 0.999998
Image 1449: frog 1.000000
Image 1450: bird 0.999964
Image 1451: bird 0.993190
Image 1452: frog 1.000000
Image 1453: dog 0.997036
Image 1454: cat 0.999016
Image 1455: frog 1.000000
Image 1456: bird 0.998184
Image 1457: automobile 1.000000
Image 1458: automobile 1.000000
Image 1459: ship 1.000000
Image 1460: frog 1.000000
Image 1461: airplane 1.000000
Image 1462: deer 0.999671
Image 1463: airplane 1.000000
Image 1464: automobile 1.000000
Image 1465: truck 1.000000
Image 1466: horse 1.000000
Image 1467: automobile 1.000000
Image 1468: cat 1.000000
Image 1469: deer 0.824015
Image 1470: bird 0.981575
Image 1471: ship 0.999960
Image 1472: horse 1.000000
Image 1473: horse 1.000000
Image 1474: cat 1.000000
Image 1475: truck 1.000000
Image 1476: horse 1.000000
Image 1477: horse 1.000000
Image 1478: horse 0.999999
Image 1479: truck 0.957145
Image 1480: truck 0.924197
Image 1481: bird 1.000000
Image 1482: ship 1.000000
Image 1483: frog 1.000000
Image 1484: deer 0.999999
Image 1485: airplane 1.000000
Image 1486: horse 1.000000
Image 1487: truck 1.000000
Image 1488: ship 1.000000
Image 1489: frog 0.999976
Image 1490: ship 1.000000
Image 1491: deer 0.995194
Image 1492: automobile 0.878357
Image 1493: automobile 1.000000
Image 1494: horse 0.969142
Image 1495: bird 0.981794
Image 1496: bird 0.999931
Image 1497: ship 1.000000
Image 1498: cat 1.000000
Image 1499: ship 0.999722
Image 1500: automobile 1.000000
Image 1501: cat 0.999965
Image 1502: bird 1.000000
Image 1503: deer 0.999416
Image 1504: automobile 1.000000
Image 1505: bird 0.999924
Image 1506: horse 0.999998
Image 1507: ship 0.489974
Image 1508: ship 1.000000
Image 1509: automobile 0.999996
Image 1510: ship 1.000000
Image 1511: automobile 1.000000
Image 1512: ship 1.000000
Image 1513: frog 0.999933
Image 1514: airplane 1.000000
Image 1515: bird 1.000000
Image 1516: deer 0.999611
Image 1517: automobile 1.000000
Image 1518: cat 1.000000
Image 1519: frog 1.000000
Image 1520: horse 1.000000
Image 1521: horse 0.848813
Image 1522: deer 0.999928
Image 1523: deer 1.000000
Image 1524: cat 1.000000
Image 1525: cat 0.999981
Image 1526: deer 1.000000
Image 1527: dog 0.999539
Image 1528: bird 1.000000
Image 1529: deer 0.999953
Image 1530: cat 1.000000
Image 1531: horse 1.000000
Image 1532: ship 0.999797
Image 1533: deer 1.000000
Image 1534: deer 1.000000
Image 1535: deer 1.000000
Image 1536: cat 0.464658
Image 1537: deer 1.000000
Image 1538: bird 0.843085
Image 1539: bird 1.000000
Image 1540: ship 1.000000
Image 1541: deer 1.000000
Image 1542: dog 1.000000
Image 1543: dog 1.000000
Image 1544: deer 1.000000
Image 1545: automobile 0.998073
Image 1546: deer 1.000000
Image 1547: bird 1.000000
Image 1548: dog 0.999788
Image 1549: automobile 0.975777
Image 1550: frog 1.000000
Image 1551: deer 1.000000
Image 1552: cat 0.767298
Image 1553: deer 0.999987
Image 1554: deer 0.999970
Image 1555: airplane 0.999880
Image 1556: ship 1.000000
Image 1557: ship 1.000000
Image 1558: deer 1.000000
Image 1559: dog 0.999984
Image 1560: horse 1.000000
Image 1561: dog 0.999912
Image 1562: frog 1.000000
Image 1563: truck 1.000000
Image 1564: automobile 1.000000
Image 1565: frog 1.000000
Image 1566: horse 1.000000
Image 1567: bird 0.999995
Image 1568: airplane 1.000000
Image 1569: automobile 0.999567
Image 1570: horse 0.988281
Image 1571: dog 1.000000
Image 1572: frog 0.999999
Image 1573: airplane 1.000000
Image 1574: truck 0.969728
Image 1575: bird 0.999985
Image 1576: horse 0.984585
Image 1577: cat 0.995344
Image 1578: frog 1.000000
Image 1579: airplane 1.000000
Image 1580: airplane 0.574923
Image 1581: bird 0.859724
Image 1582: truck 1.000000
Image 1583: automobile 0.999981
Image 1584: horse 0.999665
Image 1585: horse 1.000000
Image 1586: dog 1.000000
Image 1587: bird 0.999973
Image 1588: dog 1.000000
Image 1589: frog 1.000000
Image 1590: deer 0.996728
Image 1591: automobile 1.000000
Image 1592: deer 0.997464
Image 1593: cat 1.000000
Image 1594: cat 0.999939
Image 1595: cat 1.000000
Image 1596: airplane 1.000000
Image 1597: cat 1.000000
Image 1598: dog 1.000000
Image 1599: dog 1.000000
Image 1600: ship 0.999969
Image 1601: truck 1.000000
Image 1602: horse 1.000000
Image 1603: cat 0.999999
Image 1604: automobile 1.000000
Image 1605: cat 0.996607
Image 1606: cat 0.992264
Image 1607: cat 0.999999
Image 1608: deer 1.000000
Image 1609: deer 1.000000
Image 1610: bird 0.734133
Image 1611: cat 1.000000
Image 1612: cat 1.000000
Image 1613: ship 1.000000
Image 1614: automobile 1.000000
Image 1615: horse 1.000000
Image 1616: horse 1.000000
Image 1617: airplane 1.000000
Image 1618: horse 0.995785
Image 1619: deer 1.000000
Image 1620: ship 0.977901
Image 1621: automobile 1.000000
Image 1622: deer 0.972580
Image 1623: bird 0.997778
Image 1624: deer 1.000000
Image 1625: cat 1.000000
Image 1626: truck 1.000000
Image 1627: truck 1.000000
Image 1628: deer 0.999806
Image 1629: truck 1.000000
Image 1630: truck 1.000000
Image 1631: automobile 1.000000
Image 1632: airplane 0.992044
Image 1633: automobile 0.999998
Image 1634: frog 1.000000
Image 1635: horse 1.000000
Image 1636: dog 0.999962
Image 1637: dog 1.000000
Image 1638: deer 0.997220
Image 1639: truck 1.000000
Image 1640: horse 1.000000
Image 1641: frog 1.000000
Image 1642: dog 0.998854
Image 1643: truck 1.000000
Image 1644: frog 0.699065
Image 1645: deer 0.999999
Image 1646: airplane 1.000000
Image 1647: horse 1.000000
Image 1648: ship 0.998984
Image 1649: bird 0.938035
Image 1650: dog 1.000000
Image 1651: airplane 0.998237
Image 1652: airplane 1.000000
Image 1653: truck 1.000000
Image 1654: truck 0.999975
Image 1655: ship 1.000000
Image 1656: bird 0.715921
Image 1657: dog 1.000000
Image 1658: deer 0.999982
Image 1659: ship 1.000000
Image 1660: cat 1.000000
Image 1661: frog 1.000000
Image 1662: cat 0.999233
Image 1663: frog 1.000000
Image 1664: airplane 1.000000
Image 1665: frog 1.000000
Image 1666: frog 0.999999
Image 1667: frog 1.000000
Image 1668: truck 0.999999
Image 1669: frog 1.000000
Image 1670: frog 0.932209
Image 1671: ship 1.000000
Image 1672: frog 1.000000
Image 1673: bird 0.999645
Image 1674: deer 1.000000
Image 1675: horse 0.982612
Image 1676: ship 1.000000
Image 1677: automobile 1.000000
Image 1678: bird 1.000000
Image 1679: horse 1.000000
Image 1680: frog 0.999987
Image 1681: dog 0.940390
Image 1682: horse 0.999996
Image 1683: ship 1.000000
Image 1684: ship 1.000000
Image 1685: bird 0.440927
Image 1686: airplane 1.000000
Image 1687: ship 0.986505
Image 1688: frog 1.000000
Image 1689: truck 0.999900
Image 1690: horse 0.732967
Image 1691: ship 1.000000
Image 1692: truck 1.000000
Image 1693: ship 0.946099
Image 1694: airplane 1.000000
Image 1695: truck 1.000000
Image 1696: deer 1.000000
Image 1697: truck 1.000000
Image 1698: dog 0.999879
Image 1699: horse 1.000000
Image 1700: dog 1.000000
Image 1701: dog 1.000000
Image 1702: truck 1.000000
Image 1703: dog 1.000000
Image 1704: cat 1.000000
Image 1705: airplane 1.000000
Image 1706: automobile 1.000000
Image 1707: truck 1.000000
Image 1708: horse 0.948432
Image 1709: bird 1.000000
Image 1710: deer 0.999970
Image 1711: automobile 1.000000
Image 1712: airplane 0.999992
Image 1713: truck 0.987836
Image 1714: bird 0.647001
Image 1715: cat 0.999998
Image 1716: automobile 1.000000
Image 1717: horse 1.000000
Image 1718: ship 0.999998
Image 1719: airplane 1.000000
Image 1720: deer 1.000000
Image 1721: cat 0.925131
Image 1722: frog 1.000000
Image 1723: dog 0.852970
Image 1724: deer 0.999987
Image 1725: airplane 1.000000
Image 1726: airplane 1.000000
Image 1727: truck 0.764727
Image 1728: bird 0.670327
Image 1729: ship 1.000000
Image 1730: ship 0.533243
Image 1731: cat 0.999399
Image 1732: automobile 0.998940
Image 1733: cat 1.000000
Image 1734: truck 1.000000
Image 1735: airplane 1.000000
Image 1736: dog 0.999971
Image 1737: frog 0.999574
Image 1738: dog 1.000000
Image 1739: cat 0.915102
Image 1740: automobile 1.000000
Image 1741: deer 0.999966
Image 1742: ship 1.000000
Image 1743: automobile 1.000000
Image 1744: airplane 1.000000
Image 1745: dog 1.000000
Image 1746: bird 0.971386
Image 1747: automobile 1.000000
Image 1748: airplane 1.000000
Image 1749: bird 0.999999
Image 1750: ship 0.997183
Image 1751: automobile 1.000000
Image 1752: dog 1.000000
Image 1753: frog 1.000000
Image 1754: horse 1.000000
Image 1755: horse 0.999998
Image 1756: bird 0.899756
Image 1757: frog 0.997048
Image 1758: bird 1.000000
Image 1759: dog 0.708554
Image 1760: airplane 1.000000
Image 1761: automobile 1.000000
Image 1762: deer 1.000000
Image 1763: bird 1.000000
Image 1764: dog 0.999084
Image 1765: bird 0.998824
Image 1766: cat 0.682146
Image 1767: bird 0.993953
Image 1768: bird 0.999990
Image 1769: automobile 1.000000
Image 1770: horse 1.000000
Image 1771: bird 1.000000
Image 1772: truck 0.756994
Image 1773: dog 1.000000
Image 1774: dog 1.000000
Image 1775: cat 1.000000
Image 1776: airplane 0.999644
Image 1777: deer 1.000000
Image 1778: ship 1.000000
Image 1779: dog 0.999977
Image 1780: horse 0.999999
Image 1781: frog 1.000000
Image 1782: cat 0.849145
Image 1783: ship 1.000000
Image 1784: automobile 1.000000
Image 1785: airplane 1.000000
Image 1786: automobile 1.000000
Image 1787: cat 0.998517
Image 1788: dog 0.999043
Image 1789: airplane 0.999999
Image 1790: horse 0.929648
Image 1791: frog 0.930461
Image 1792: truck 1.000000
Image 1793: dog 1.000000
Image 1794: cat 0.999687
Image 1795: frog 0.998796
Image 1796: airplane 0.999978
Image 1797: automobile 1.000000
Image 1798: deer 1.000000
Image 1799: deer 1.000000
Image 1800: deer 1.000000
Image 1801: deer 1.000000
Image 1802: bird 0.999995
Image 1803: bird 0.896499
Image 1804: cat 0.779330
Image 1805: ship 1.000000
Image 1806: automobile 1.000000
Image 1807: dog 0.999649
Image 1808: truck 1.000000
Image 1809: ship 1.000000
Image 1810: automobile 1.000000
Image 1811: automobile 0.984656
Image 1812: bird 0.491340
Image 1813: automobile 0.838443
Image 1814: truck 1.000000
Image 1815: truck 1.000000
Image 1816: horse 0.999990
Image 1817: frog 0.999962
Image 1818: dog 1.000000
Image 1819: airplane 1.000000
Image 1820: ship 0.999999
Image 1821: deer 0.999978
Image 1822: horse 0.867682
Image 1823: cat 0.429464
Image 1824: truck 1.000000
Image 1825: bird 1.000000
Image 1826: ship 1.000000
Image 1827: deer 1.000000
Image 1828: truck 0.784369
Image 1829: automobile 1.000000
Image 1830: cat 0.999990
Image 1831: truck 1.000000
Image 1832: frog 1.000000
Image 1833: ship 1.000000
Image 1834: truck 1.000000
Image 1835: airplane 0.864796
Image 1836: deer 1.000000
Image 1837: truck 0.996538
Image 1838: ship 0.578724
Image 1839: horse 1.000000
Image 1840: ship 0.999966
Image 1841: truck 0.988980
Image 1842: deer 1.000000
Image 1843: ship 1.000000
Image 1844: truck 1.000000
Image 1845: deer 0.994916
Image 1846: bird 1.000000
Image 1847: dog 0.999995
Image 1848: cat 1.000000
Image 1849: horse 1.000000
Image 1850: truck 0.874378
Image 1851: airplane 1.000000
Image 1852: bird 1.000000
Image 1853: truck 1.000000
Image 1854: dog 1.000000
Image 1855: dog 1.000000
Image 1856: ship 1.000000
Image 1857: dog 1.000000
Image 1858: bird 0.746191
Image 1859: bird 0.999993
Image 1860: ship 0.999999
Image 1861: cat 1.000000
Image 1862: deer 0.999896
Image 1863: dog 1.000000
Image 1864: horse 1.000000
Image 1865: horse 1.000000
Image 1866: ship 1.000000
Image 1867: frog 0.507572
Image 1868: horse 0.999813
Image 1869: ship 1.000000
Image 1870: bird 1.000000
Image 1871: cat 0.998591
Image 1872: dog 1.000000
Image 1873: frog 1.000000
Image 1874: ship 1.000000
Image 1875: airplane 1.000000
Image 1876: bird 1.000000
Image 1877: cat 0.999996
Image 1878: horse 1.000000
Image 1879: airplane 1.000000
Image 1880: automobile 1.000000
Image 1881: truck 1.000000
Image 1882: automobile 1.000000
Image 1883: cat 0.601263
Image 1884: dog 0.992570
Image 1885: dog 0.999926
Image 1886: truck 0.675630
Image 1887: cat 0.997414
Image 1888: bird 1.000000
Image 1889: truck 1.000000
Image 1890: frog 0.993578
Image 1891: ship 1.000000
Image 1892: frog 0.998549
Image 1893: truck 1.000000
Image 1894: cat 1.000000
Image 1895: airplane 0.924642
Image 1896: truck 1.000000
Image 1897: ship 1.000000
Image 1898: frog 0.743277
Image 1899: horse 1.000000
Image 1900: ship 1.000000
Image 1901: dog 1.000000
Image 1902: airplane 1.000000
Image 1903: airplane 1.000000
Image 1904: automobile 1.000000
Image 1905: bird 0.697154
Image 1906: airplane 0.991916
Image 1907: automobile 1.000000
Image 1908: dog 0.999992
Image 1909: cat 0.999822
Image 1910: deer 0.999956
Image 1911: deer 1.000000
Image 1912: airplane 0.998605
Image 1913: truck 0.999979
Image 1914: truck 1.000000
Image 1915: truck 1.000000
Image 1916: truck 1.000000
Image 1917: ship 1.000000
Image 1918: bird 1.000000
Image 1919: deer 1.000000
Image 1920: bird 1.000000
Image 1921: bird 0.999858
Image 1922: dog 1.000000
Image 1923: automobile 1.000000
Image 1924: cat 0.998680
Image 1925: automobile 1.000000
Image 1926: airplane 1.000000
Image 1927: truck 1.000000
Image 1928: deer 0.999998
Image 1929: bird 0.730861
Image 1930: automobile 1.000000
Image 1931: frog 1.000000
Image 1932: airplane 1.000000
Image 1933: dog 0.966003
Image 1934: bird 0.857536
Image 1935: bird 0.999781
Image 1936: cat 1.000000
Image 1937: truck 0.746430
Image 1938: airplane 0.999812
Image 1939: cat 0.733360
Image 1940: dog 1.000000
Image 1941: horse 0.999999
Image 1942: bird 1.000000
Image 1943: ship 1.000000
Image 1944: deer 0.999925
Image 1945: deer 1.000000
Image 1946: ship 1.000000
Image 1947: cat 1.000000
Image 1948: dog 1.000000
Image 1949: airplane 1.000000
Image 1950: dog 0.693989
Image 1951: horse 1.000000
Image 1952: deer 1.000000
Image 1953: deer 1.000000
Image 1954: bird 0.998997
Image 1955: bird 0.999997
Image 1956: horse 1.000000
Image 1957: horse 0.498684
Image 1958: frog 0.999466
Image 1959: bird 0.775594
Image 1960: bird 0.985003
Image 1961: horse 1.000000
Image 1962: frog 1.000000
Image 1963: bird 1.000000
Image 1964: cat 1.000000
Image 1965: airplane 0.999999
Image 1966: horse 1.000000
Image 1967: horse 1.000000
Image 1968: ship 1.000000
Image 1969: truck 1.000000
Image 1970: automobile 1.000000
Image 1971: deer 0.999998
Image 1972: frog 0.889876
Image 1973: airplane 0.999981
Image 1974: frog 1.000000
Image 1975: frog 0.994097
Image 1976: dog 1.000000
Image 1977: dog 1.000000
Image 1978: frog 1.000000
Image 1979: cat 0.999924
Image 1980: truck 1.000000
Image 1981: cat 1.000000
Image 1982: frog 1.000000
Image 1983: cat 0.990152
Image 1984: horse 0.999999
Image 1985: frog 0.999978
Image 1986: deer 0.999748
Image 1987: truck 1.000000
Image 1988: dog 1.000000
Image 1989: frog 0.999738
Image 1990: deer 0.999999
Image 1991: automobile 1.000000
Image 1992: frog 1.000000
Image 1993: bird 0.999996
Image 1994: ship 0.696025
Image 1995: bird 1.000000
Image 1996: dog 0.999999
Image 1997: truck 1.000000
Image 1998: ship 0.942840
Image 1999: dog 1.000000
Image 2000: automobile 1.000000
Image 2001: dog 0.988252
Image 2002: bird 0.992744
Image 2003: dog 0.999999
Image 2004: horse 1.000000
Image 2005: cat 0.980771
Image 2006: horse 1.000000
Image 2007: ship 1.000000
Image 2008: truck 1.000000
Image 2009: automobile 1.000000
Image 2010: bird 0.851786
Image 2011: bird 0.999980
Image 2012: dog 1.000000
Image 2013: cat 0.887060
Image 2014: ship 1.000000
Image 2015: deer 0.999997
Image 2016: frog 0.999799
Image 2017: dog 1.000000
Image 2018: cat 0.999817
Image 2019: truck 0.999898
Image 2020: truck 1.000000
Image 2021: ship 1.000000
Image 2022: dog 0.881474
Image 2023: cat 0.919094
Image 2024: frog 0.999969
Image 2025: deer 1.000000
Image 2026: dog 1.000000
Image 2027: truck 1.000000
Image 2028: horse 1.000000
Image 2029: cat 0.999258
Image 2030: deer 1.000000
Image 2031: automobile 1.000000
Image 2032: bird 0.831044
Image 2033: dog 0.498183
Image 2034: deer 0.714079
Image 2035: frog 0.999756
Image 2036: cat 0.971926
Image 2037: dog 1.000000
Image 2038: bird 0.992517
Image 2039: ship 1.000000
Image 2040: airplane 1.000000
Image 2041: airplane 0.999998
Image 2042: automobile 1.000000
Image 2043: ship 1.000000
Image 2044: cat 1.000000
Image 2045: automobile 1.000000
Image 2046: cat 0.999820
Image 2047: dog 1.000000
Image 2048: ship 1.000000
Image 2049: cat 1.000000
Image 2050: ship 1.000000
Image 2051: dog 1.000000
Image 2052: ship 1.000000
Image 2053: frog 0.999999
Image 2054: cat 1.000000
Image 2055: dog 1.000000
Image 2056: dog 1.000000
Image 2057: dog 1.000000
Image 2058: airplane 0.999801
Image 2059: airplane 0.998816
Image 2060: dog 0.993182
Image 2061: deer 0.999430
Image 2062: horse 1.000000
Image 2063: automobile 1.000000
Image 2064: ship 1.000000
Image 2065: bird 0.954838
Image 2066: bird 0.997873
Image 2067: deer 0.999999
Image 2068: cat 1.000000
Image 2069: deer 1.000000
Image 2070: bird 0.999999
Image 2071: truck 1.000000
Image 2072: frog 1.000000
Image 2073: bird 1.000000
Image 2074: bird 1.000000
Image 2075: deer 1.000000
Image 2076: cat 1.000000
Image 2077: airplane 1.000000
Image 2078: frog 0.993533
Image 2079: airplane 1.000000
Image 2080: automobile 0.999996
Image 2081: cat 0.999872
Image 2082: bird 1.000000
Image 2083: cat 0.999153
Image 2084: horse 1.000000
Image 2085: airplane 0.999977
Image 2086: automobile 1.000000
Image 2087: airplane 0.999998
Image 2088: horse 1.000000
Image 2089: horse 1.000000
Image 2090: bird 0.654860
Image 2091: bird 0.995461
Image 2092: automobile 1.000000
Image 2093: frog 1.000000
Image 2094: dog 1.000000
Image 2095: deer 0.990812
Image 2096: bird 1.000000
Image 2097: bird 1.000000
Image 2098: airplane 0.994049
Image 2099: automobile 1.000000
Image 2100: bird 1.000000
Image 2101: frog 0.994966
Image 2102: airplane 1.000000
Image 2103: automobile 0.947800
Image 2104: frog 1.000000
Image 2105: frog 1.000000
Image 2106: dog 1.000000
Image 2107: cat 1.000000
Image 2108: deer 0.998627
Image 2109: airplane 1.000000
Image 2110: airplane 1.000000
Image 2111: automobile 0.994802
Image 2112: automobile 1.000000
Image 2113: airplane 1.000000
Image 2114: bird 0.802954
Image 2115: dog 1.000000
Image 2116: truck 1.000000
Image 2117: horse 1.000000
Image 2118: ship 1.000000
Image 2119: frog 1.000000
Image 2120: deer 0.999942
Image 2121: frog 0.999991
Image 2122: airplane 1.000000
Image 2123: bird 1.000000
Image 2124: airplane 1.000000
Image 2125: automobile 0.999980
Image 2126: truck 1.000000
Image 2127: deer 0.747327
Image 2128: frog 0.998500
Image 2129: truck 0.999997
Image 2130: frog 0.812876
Image 2131: horse 0.832213
Image 2132: bird 1.000000
Image 2133: cat 1.000000
Image 2134: deer 1.000000
Image 2135: ship 1.000000
Image 2136: truck 0.999664
Image 2137: bird 0.969355
Image 2138: frog 1.000000
Image 2139: ship 1.000000
Image 2140: truck 1.000000
Image 2141: dog 0.675089
Image 2142: automobile 0.999901
Image 2143: truck 1.000000
Image 2144: cat 1.000000
Image 2145: deer 0.767365
Image 2146: bird 1.000000
Image 2147: horse 1.000000
Image 2148: truck 1.000000
Image 2149: frog 1.000000
Image 2150: truck 1.000000
Image 2151: dog 0.999166
Image 2152: horse 0.999987
Image 2153: ship 1.000000
Image 2154: dog 1.000000
Image 2155: truck 0.999983
Image 2156: ship 1.000000
Image 2157: cat 0.998632
Image 2158: truck 1.000000
Image 2159: ship 0.633218
Image 2160: airplane 1.000000
Image 2161: dog 0.980863
Image 2162: dog 1.000000
Image 2163: horse 0.999979
Image 2164: automobile 1.000000
Image 2165: deer 0.911694
Image 2166: airplane 0.999460
Image 2167: horse 0.569180
Image 2168: dog 1.000000
Image 2169: ship 1.000000
Image 2170: bird 1.000000
Image 2171: bird 0.999630
Image 2172: cat 0.675671
Image 2173: cat 0.998813
Image 2174: truck 0.976887
Image 2175: cat 0.999955
Image 2176: automobile 0.997571
Image 2177: truck 1.000000
Image 2178: cat 0.999998
Image 2179: automobile 1.000000
Image 2180: deer 0.997980
Image 2181: cat 0.999994
Image 2182: deer 1.000000
Image 2183: deer 0.999999
Image 2184: truck 1.000000
Image 2185: airplane 1.000000
Image 2186: truck 0.970133
Image 2187: cat 1.000000
Image 2188: truck 1.000000
Image 2189: bird 1.000000
Image 2190: truck 1.000000
Image 2191: deer 0.999999
Image 2192: airplane 0.999987
Image 2193: bird 1.000000
Image 2194: ship 1.000000
Image 2195: deer 0.999999
Image 2196: ship 1.000000
Image 2197: frog 1.000000
Image 2198: ship 1.000000
Image 2199: bird 0.999159
Image 2200: bird 0.989536
Image 2201: dog 1.000000
Image 2202: truck 1.000000
Image 2203: frog 1.000000
Image 2204: truck 1.000000
Image 2205: dog 0.999999
Image 2206: automobile 1.000000
Image 2207: cat 0.999968
Image 2208: deer 1.000000
Image 2209: deer 1.000000
Image 2210: bird 1.000000
Image 2211: horse 0.999935
Image 2212: bird 1.000000
Image 2213: deer 0.999992
Image 2214: deer 0.721435
Image 2215: airplane 1.000000
Image 2216: bird 1.000000
Image 2217: ship 1.000000
Image 2218: deer 1.000000
Image 2219: dog 0.998288
Image 2220: automobile 1.000000
Image 2221: bird 1.000000
Image 2222: frog 1.000000
Image 2223: ship 1.000000
Image 2224: automobile 1.000000
Image 2225: horse 1.000000
Image 2226: frog 1.000000
Image 2227: ship 1.000000
Image 2228: horse 1.000000
Image 2229: deer 1.000000
Image 2230: cat 1.000000
Image 2231: cat 0.999998
Image 2232: horse 0.873579
Image 2233: cat 0.998270
Image 2234: horse 1.000000
Image 2235: bird 1.000000
Image 2236: dog 0.956079
Image 2237: frog 0.999132
Image 2238: automobile 1.000000
Image 2239: horse 1.000000
Image 2240: truck 0.999996
Image 2241: airplane 0.999997
Image 2242: bird 0.951471
Image 2243: cat 0.973202
Image 2244: truck 1.000000
Image 2245: ship 0.999927
Image 2246: truck 0.997343
Image 2247: dog 1.000000
Image 2248: airplane 0.979823
Image 2249: airplane 1.000000
Image 2250: horse 0.966418
Image 2251: frog 0.979269
Image 2252: cat 0.999989
Image 2253: dog 0.933647
Image 2254: ship 1.000000
Image 2255: automobile 1.000000
Image 2256: deer 1.000000
Image 2257: airplane 1.000000
Image 2258: automobile 1.000000
Image 2259: dog 1.000000
Image 2260: deer 1.000000
Image 2261: cat 1.000000
Image 2262: airplane 0.809702
Image 2263: frog 1.000000
Image 2264: airplane 1.000000
Image 2265: ship 1.000000
Image 2266: ship 1.000000
Image 2267: frog 0.999974
Image 2268: cat 1.000000
Image 2269: cat 1.000000
Image 2270: deer 0.983413
Image 2271: ship 0.999976
Image 2272: horse 1.000000
Image 2273: dog 0.973592
Image 2274: automobile 1.000000
Image 2275: frog 0.966152
Image 2276: airplane 1.000000
Image 2277: dog 1.000000
Image 2278: truck 1.000000
Image 2279: truck 1.000000
Image 2280: deer 0.999698
Image 2281: dog 1.000000
Image 2282: automobile 0.999926
Image 2283: deer 0.999232
Image 2284: ship 1.000000
Image 2285: cat 0.999953
Image 2286: cat 0.999947
Image 2287: bird 1.000000
Image 2288: dog 1.000000
Image 2289: automobile 1.000000
Image 2290: truck 1.000000
Image 2291: dog 1.000000
Image 2292: dog 0.999999
Image 2293: automobile 0.999944
Image 2294: automobile 0.997734
Image 2295: ship 1.000000
Image 2296: truck 1.000000
Image 2297: horse 1.000000
Image 2298: airplane 0.999959
Image 2299: cat 0.999997
Image 2300: horse 0.926473
Image 2301: bird 0.999718
Image 2302: airplane 1.000000
Image 2303: bird 1.000000
Image 2304: frog 1.000000
Image 2305: truck 0.997114
Image 2306: cat 1.000000
Image 2307: truck 1.000000
Image 2308: automobile 1.000000
Image 2309: frog 0.999957
Image 2310: frog 1.000000
Image 2311: horse 0.999629
Image 2312: bird 1.000000
Image 2313: frog 0.999997
Image 2314: cat 0.999908
Image 2315: bird 1.000000
Image 2316: frog 0.998158
Image 2317: dog 1.000000
Image 2318: bird 1.000000
Image 2319: horse 1.000000
Image 2320: dog 0.906276
Image 2321: bird 0.999781
Image 2322: airplane 0.932071
Image 2323: ship 1.000000
Image 2324: airplane 0.999869
Image 2325: horse 0.974895
Image 2326: horse 1.000000
Image 2327: automobile 0.999990
Image 2328: horse 1.000000
Image 2329: deer 1.000000
Image 2330: airplane 1.000000
Image 2331: deer 0.999919
Image 2332: bird 1.000000
Image 2333: frog 1.000000
Image 2334: automobile 1.000000
Image 2335: bird 0.998121
Image 2336: truck 1.000000
Image 2337: horse 1.000000
Image 2338: frog 0.999993
Image 2339: bird 0.999993
Image 2340: horse 1.000000
Image 2341: airplane 1.000000
Image 2342: dog 0.999512
Image 2343: frog 0.999959
Image 2344: airplane 1.000000
Image 2345: automobile 1.000000
Image 2346: automobile 1.000000
Image 2347: ship 0.999898
Image 2348: deer 1.000000
Image 2349: dog 1.000000
Image 2350: dog 0.738124
Image 2351: truck 1.000000
Image 2352: bird 0.999573
Image 2353: deer 0.999936
Image 2354: ship 1.000000
Image 2355: truck 0.997362
Image 2356: ship 1.000000
Image 2357: automobile 1.000000
Image 2358: horse 0.999992
Image 2359: bird 1.000000
Image 2360: horse 1.000000
Image 2361: airplane 0.955369
Image 2362: deer 0.976989
Image 2363: frog 0.853708
Image 2364: frog 1.000000
Image 2365: horse 1.000000
Image 2366: truck 1.000000
Image 2367: deer 0.999993
Image 2368: airplane 1.000000
Image 2369: automobile 1.000000
Image 2370: airplane 1.000000
Image 2371: deer 1.000000
Image 2372: dog 0.898483
Image 2373: airplane 1.000000
Image 2374: ship 1.000000
Image 2375: airplane 1.000000
Image 2376: horse 1.000000
Image 2377: frog 0.999460
Image 2378: automobile 1.000000
Image 2379: airplane 1.000000
Image 2380: ship 1.000000
Image 2381: dog 1.000000
Image 2382: truck 1.000000
Image 2383: bird 0.999486
Image 2384: dog 1.000000
Image 2385: deer 0.999999
Image 2386: cat 0.833044
Image 2387: truck 0.999901
Image 2388: airplane 1.000000
Image 2389: frog 1.000000
Image 2390: automobile 0.999874
Image 2391: bird 0.755953
Image 2392: dog 1.000000
Image 2393: automobile 1.000000
Image 2394: frog 0.999982
Image 2395: horse 0.999999
Image 2396: automobile 1.000000
Image 2397: bird 0.999023
Image 2398: ship 0.999968
Image 2399: ship 1.000000
Image 2400: airplane 1.000000
Image 2401: cat 0.999999
Image 2402: truck 1.000000
Image 2403: deer 0.999930
Image 2404: airplane 1.000000
Image 2405: frog 1.000000
Image 2406: deer 1.000000
Image 2407: truck 1.000000
Image 2408: bird 1.000000
Image 2409: frog 0.467263
Image 2410: cat 1.000000
Image 2411: airplane 1.000000
Image 2412: frog 1.000000
Image 2413: frog 0.999997
Image 2414: dog 0.999982
Image 2415: frog 1.000000
Image 2416: dog 0.881988
Image 2417: horse 1.000000
Image 2418: ship 1.000000
Image 2419: deer 0.987231
Image 2420: ship 0.999335
Image 2421: ship 0.999999
Image 2422: cat 0.570101
Image 2423: bird 0.999729
Image 2424: ship 0.999995
Image 2425: airplane 0.999954
Image 2426: bird 0.999342
Image 2427: dog 0.936224
Image 2428: frog 1.000000
Image 2429: ship 1.000000
Image 2430: horse 1.000000
Image 2431: ship 0.999999
Image 2432: truck 1.000000
Image 2433: truck 1.000000
Image 2434: airplane 1.000000
Image 2435: frog 0.973120
Image 2436: frog 0.998211
Image 2437: ship 1.000000
Image 2438: automobile 1.000000
Image 2439: automobile 1.000000
Image 2440: horse 1.000000
Image 2441: deer 0.970823
Image 2442: frog 0.731549
Image 2443: bird 1.000000
Image 2444: dog 0.676967
Image 2445: frog 1.000000
Image 2446: truck 1.000000
Image 2447: airplane 0.932174
Image 2448: bird 1.000000
Image 2449: cat 0.999217
Image 2450: automobile 1.000000
Image 2451: ship 1.000000
Image 2452: bird 0.999966
Image 2453: deer 0.844147
Image 2454: automobile 0.994307
Image 2455: cat 0.999201
Image 2456: ship 1.000000
Image 2457: frog 1.000000
Image 2458: ship 1.000000
Image 2459: dog 1.000000
Image 2460: truck 1.000000
Image 2461: airplane 0.990669
Image 2462: automobile 1.000000
Image 2463: truck 0.826156
Image 2464: bird 0.999166
Image 2465: truck 1.000000
Image 2466: bird 0.999998
Image 2467: truck 1.000000
Image 2468: airplane 0.999194
Image 2469: truck 1.000000
Image 2470: horse 1.000000
Image 2471: ship 1.000000
Image 2472: dog 0.998805
Image 2473: ship 0.967371
Image 2474: frog 1.000000
Image 2475: frog 1.000000
Image 2476: ship 1.000000
Image 2477: automobile 0.999760
Image 2478: frog 1.000000
Image 2479: dog 0.999996
Image 2480: ship 1.000000
Image 2481: horse 0.979907
Image 2482: truck 0.725863
Image 2483: bird 0.999956
Image 2484: automobile 1.000000
Image 2485: frog 1.000000
Image 2486: deer 0.999923
Image 2487: dog 1.000000
Image 2488: frog 1.000000
Image 2489: cat 0.997856
Image 2490: airplane 0.998755
Image 2491: truck 0.999999
Image 2492: ship 1.000000
Image 2493: truck 1.000000
Image 2494: deer 0.999999
Image 2495: cat 0.987513
Image 2496: truck 1.000000
Image 2497: truck 0.992272
Image 2498: cat 1.000000
Image 2499: frog 1.000000
Image 2500: frog 0.864000
Image 2501: deer 0.999973
Image 2502: ship 1.000000
Image 2503: ship 1.000000
Image 2504: automobile 0.987517
Image 2505: horse 1.000000
Image 2506: cat 0.997198
Image 2507: airplane 0.970017
Image 2508: frog 1.000000
Image 2509: airplane 0.944720
Image 2510: deer 1.000000
Image 2511: truck 0.999976
Image 2512: bird 1.000000
Image 2513: bird 1.000000
Image 2514: truck 0.998505
Image 2515: bird 0.999472
Image 2516: bird 0.999984
Image 2517: truck 1.000000
Image 2518: horse 1.000000
Image 2519: deer 0.999994
Image 2520: automobile 0.999934
Image 2521: truck 0.992152
Image 2522: automobile 1.000000
Image 2523: deer 0.998916
Image 2524: cat 0.999962
Image 2525: bird 0.427157
Image 2526: dog 0.994566
Image 2527: ship 1.000000
Image 2528: truck 1.000000
Image 2529: cat 1.000000
Image 2530: bird 0.999882
Image 2531: bird 1.000000
Image 2532: automobile 0.999992
Image 2533: frog 0.943051
Image 2534: truck 1.000000
Image 2535: airplane 0.998229
Image 2536: dog 1.000000
Image 2537: automobile 1.000000
Image 2538: dog 0.999932
Image 2539: ship 1.000000
Image 2540: bird 0.872372
Image 2541: automobile 1.000000
Image 2542: airplane 0.979186
Image 2543: cat 0.999953
Image 2544: bird 1.000000
Image 2545: deer 1.000000
Image 2546: ship 1.000000
Image 2547: deer 0.999896
Image 2548: airplane 1.000000
Image 2549: frog 0.644989
Image 2550: deer 0.999997
Image 2551: bird 0.999900
Image 2552: truck 1.000000
Image 2553: ship 1.000000
Image 2554: deer 0.999975
Image 2555: horse 1.000000
Image 2556: frog 1.000000
Image 2557: bird 1.000000
Image 2558: deer 1.000000
Image 2559: dog 0.992999
Image 2560: horse 1.000000
Image 2561: frog 1.000000
Image 2562: deer 0.999911
Image 2563: bird 1.000000
Image 2564: bird 1.000000
Image 2565: cat 1.000000
Image 2566: bird 1.000000
Image 2567: cat 0.850556
Image 2568: deer 0.598938
Image 2569: airplane 1.000000
Image 2570: airplane 0.999110
Image 2571: truck 1.000000
Image 2572: frog 1.000000
Image 2573: dog 0.929814
Image 2574: ship 1.000000
Image 2575: dog 1.000000
Image 2576: bird 1.000000
Image 2577: deer 1.000000
Image 2578: ship 1.000000
Image 2579: ship 0.999999
Image 2580: frog 0.999837
Image 2581: airplane 0.925812
Image 2582: dog 1.000000
Image 2583: horse 1.000000
Image 2584: frog 1.000000
Image 2585: dog 0.999703
Image 2586: horse 0.951030
Image 2587: airplane 1.000000
Image 2588: deer 0.999999
Image 2589: airplane 0.999265
Image 2590: cat 0.988231
Image 2591: ship 1.000000
Image 2592: deer 0.997665
Image 2593: ship 1.000000
Image 2594: airplane 0.999104
Image 2595: deer 1.000000
Image 2596: truck 0.930142
Image 2597: bird 0.996829
Image 2598: cat 0.999958
Image 2599: cat 0.999942
Image 2600: ship 1.000000
Image 2601: automobile 1.000000
Image 2602: frog 1.000000
Image 2603: airplane 0.999989
Image 2604: ship 1.000000
Image 2605: deer 0.992561
Image 2606: cat 0.999844
Image 2607: automobile 1.000000
Image 2608: deer 0.999965
Image 2609: dog 1.000000
Image 2610: bird 1.000000
Image 2611: deer 0.999557
Image 2612: cat 0.999871
Image 2613: frog 1.000000
Image 2614: airplane 1.000000
Image 2615: horse 1.000000
Image 2616: automobile 1.000000
Image 2617: cat 0.999999
Image 2618: dog 1.000000
Image 2619: horse 1.000000
Image 2620: automobile 1.000000
Image 2621: ship 1.000000
Image 2622: airplane 1.000000
Image 2623: deer 0.992259
Image 2624: ship 0.999997
Image 2625: bird 1.000000
Image 2626: horse 1.000000
Image 2627: horse 1.000000
Image 2628: airplane 0.999967
Image 2629: frog 0.983714
Image 2630: bird 1.000000
Image 2631: deer 1.000000
Image 2632: cat 1.000000
Image 2633: cat 1.000000
Image 2634: automobile 0.995527
Image 2635: deer 0.950339
Image 2636: automobile 1.000000
Image 2637: frog 0.999994
Image 2638: deer 0.999975
Image 2639: frog 1.000000
Image 2640: horse 1.000000
Image 2641: deer 1.000000
Image 2642: horse 0.999994
Image 2643: cat 0.735963
Image 2644: ship 1.000000
Image 2645: automobile 1.000000
Image 2646: cat 0.999996
Image 2647: automobile 1.000000
Image 2648: deer 0.999596
Image 2649: frog 1.000000
Image 2650: dog 0.907053
Image 2651: bird 0.990209
Image 2652: horse 1.000000
Image 2653: deer 1.000000
Image 2654: dog 1.000000
Image 2655: deer 0.999983
Image 2656: truck 1.000000
Image 2657: horse 0.999983
Image 2658: horse 1.000000
Image 2659: bird 0.999994
Image 2660: cat 0.999902
Image 2661: cat 1.000000
Image 2662: frog 0.999933
Image 2663: horse 1.000000
Image 2664: deer 0.999513
Image 2665: automobile 1.000000
Image 2666: frog 1.000000
Image 2667: automobile 1.000000
Image 2668: airplane 0.999939
Image 2669: frog 0.999686
Image 2670: truck 1.000000
Image 2671: frog 1.000000
Image 2672: airplane 0.999253
Image 2673: deer 0.891032
Image 2674: airplane 1.000000
Image 2675: bird 0.997300
Image 2676: cat 0.993022
Image 2677: horse 1.000000
Image 2678: airplane 1.000000
Image 2679: airplane 0.999375
Image 2680: airplane 1.000000
Image 2681: airplane 1.000000
Image 2682: horse 0.992774
Image 2683: dog 1.000000
Image 2684: cat 1.000000
Image 2685: bird 0.998603
Image 2686: horse 1.000000
Image 2687: ship 1.000000
Image 2688: dog 0.999966
Image 2689: dog 1.000000
Image 2690: frog 0.691113
Image 2691: bird 1.000000
Image 2692: ship 1.000000
Image 2693: truck 1.000000
Image 2694: automobile 1.000000
Image 2695: frog 0.977167
Image 2696: bird 1.000000
Image 2697: airplane 0.999910
Image 2698: cat 1.000000
Image 2699: deer 1.000000
Image 2700: truck 0.999999
Image 2701: automobile 0.979741
Image 2702: frog 0.999518
Image 2703: truck 1.000000
Image 2704: ship 0.883226
Image 2705: airplane 1.000000
Image 2706: cat 1.000000
Image 2707: frog 1.000000
Image 2708: deer 1.000000
Image 2709: frog 1.000000
Image 2710: horse 1.000000
Image 2711: dog 1.000000
Image 2712: automobile 1.000000
Image 2713: ship 1.000000
Image 2714: truck 0.816752
Image 2715: airplane 1.000000
Image 2716: dog 1.000000
Image 2717: airplane 0.999997
Image 2718: dog 1.000000
Image 2719: cat 0.993092
Image 2720: cat 1.000000
Image 2721: ship 0.999862
Image 2722: deer 0.962447
Image 2723: cat 0.999507
Image 2724: airplane 1.000000
Image 2725: ship 1.000000
Image 2726: dog 1.000000
Image 2727: truck 0.999993
Image 2728: bird 1.000000
Image 2729: cat 1.000000
Image 2730: frog 1.000000
Image 2731: dog 1.000000
Image 2732: horse 1.000000
Image 2733: cat 1.000000
Image 2734: horse 1.000000
Image 2735: bird 1.000000
Image 2736: ship 0.999998
Image 2737: ship 0.999999
Image 2738: deer 0.941179
Image 2739: bird 1.000000
Image 2740: automobile 1.000000
Image 2741: frog 1.000000
Image 2742: bird 1.000000
Image 2743: truck 1.000000
Image 2744: truck 1.000000
Image 2745: ship 1.000000
Image 2746: bird 1.000000
Image 2747: cat 0.999797
Image 2748: automobile 1.000000
Image 2749: airplane 1.000000
Image 2750: dog 0.998860
Image 2751: bird 1.000000
Image 2752: cat 1.000000
Image 2753: horse 1.000000
Image 2754: truck 1.000000
Image 2755: dog 0.999978
Image 2756: truck 0.999997
Image 2757: automobile 1.000000
Image 2758: automobile 1.000000
Image 2759: cat 1.000000
Image 2760: bird 0.999997
Image 2761: horse 1.000000
Image 2762: deer 0.657614
Image 2763: deer 0.999997
Image 2764: automobile 1.000000
Image 2765: truck 0.999995
Image 2766: deer 0.999954
Image 2767: cat 0.999863
Image 2768: dog 1.000000
Image 2769: frog 0.676914
Image 2770: horse 0.803335
Image 2771: horse 1.000000
Image 2772: frog 0.999450
Image 2773: automobile 0.999998
Image 2774: bird 0.999762
Image 2775: cat 1.000000
Image 2776: horse 1.000000
Image 2777: dog 0.999894
Image 2778: deer 1.000000
Image 2779: cat 0.917784
Image 2780: horse 1.000000
Image 2781: horse 0.999956
Image 2782: airplane 0.999999
Image 2783: airplane 0.999566
Image 2784: automobile 1.000000
Image 2785: bird 0.998213
Image 2786: deer 1.000000
Image 2787: cat 0.999439
Image 2788: horse 0.998830
Image 2789: truck 1.000000
Image 2790: ship 1.000000
Image 2791: horse 1.000000
Image 2792: airplane 1.000000
Image 2793: truck 1.000000
Image 2794: airplane 1.000000
Image 2795: cat 0.741069
Image 2796: horse 1.000000
Image 2797: frog 0.999849
Image 2798: dog 1.000000
Image 2799: ship 1.000000
Image 2800: deer 0.999999
Image 2801: dog 1.000000
Image 2802: frog 1.000000
Image 2803: dog 1.000000
Image 2804: horse 0.513074
Image 2805: deer 1.000000
Image 2806: bird 1.000000
Image 2807: truck 0.999991
Image 2808: cat 0.303342
Image 2809: dog 0.994837
Image 2810: truck 0.953210
Image 2811: bird 0.999940
Image 2812: airplane 1.000000
Image 2813: automobile 1.000000
Image 2814: automobile 0.987298
Image 2815: cat 1.000000
Image 2816: horse 0.999995
Image 2817: truck 1.000000
Image 2818: dog 0.999977
Image 2819: automobile 1.000000
Image 2820: frog 1.000000
Image 2821: airplane 1.000000
Image 2822: cat 0.997987
Image 2823: cat 0.999967
Image 2824: horse 1.000000
Image 2825: bird 0.999514
Image 2826: deer 0.999923
Image 2827: dog 1.000000
Image 2828: bird 0.999998
Image 2829: cat 1.000000
Image 2830: frog 1.000000
Image 2831: truck 0.637836
Image 2832: cat 1.000000
Image 2833: airplane 1.000000
Image 2834: deer 0.999873
Image 2835: cat 0.827037
Image 2836: cat 0.981121
Image 2837: ship 1.000000
Image 2838: automobile 1.000000
Image 2839: bird 1.000000
Image 2840: bird 0.999964
Image 2841: bird 0.999749
Image 2842: horse 1.000000
Image 2843: ship 0.999974
Image 2844: airplane 0.923411
Image 2845: dog 0.954313
Image 2846: frog 1.000000
Image 2847: bird 0.996692
Image 2848: frog 1.000000
Image 2849: frog 0.999988
Image 2850: dog 1.000000
Image 2851: deer 1.000000
Image 2852: bird 0.999998
Image 2853: truck 1.000000
Image 2854: deer 0.892605
Image 2855: frog 0.736675
Image 2856: bird 1.000000
Image 2857: airplane 1.000000
Image 2858: deer 1.000000
Image 2859: truck 0.805720
Image 2860: dog 1.000000
Image 2861: dog 1.000000
Image 2862: frog 0.999906
Image 2863: frog 1.000000
Image 2864: dog 1.000000
Image 2865: frog 1.000000
Image 2866: truck 1.000000
Image 2867: horse 0.999993
Image 2868: truck 0.999537
Image 2869: deer 0.999956
Image 2870: ship 1.000000
Image 2871: cat 1.000000
Image 2872: automobile 0.999999
Image 2873: truck 1.000000
Image 2874: ship 0.999878
Image 2875: automobile 0.999999
Image 2876: truck 1.000000
Image 2877: airplane 1.000000
Image 2878: cat 0.999737
Image 2879: airplane 0.999999
Image 2880: deer 1.000000
Image 2881: horse 1.000000
Image 2882: horse 1.000000
Image 2883: bird 1.000000
Image 2884: cat 0.776990
Image 2885: dog 1.000000
Image 2886: frog 1.000000
Image 2887: truck 1.000000
Image 2888: horse 0.896065
Image 2889: horse 0.999995
Image 2890: dog 1.000000
Image 2891: horse 0.999996
Image 2892: airplane 1.000000
Image 2893: ship 1.000000
Image 2894: frog 1.000000
Image 2895: dog 0.975315
Image 2896: ship 1.000000
Image 2897: cat 1.000000
Image 2898: ship 0.999998
Image 2899: truck 0.999999
Image 2900: cat 0.848394
Image 2901: bird 1.000000
Image 2902: truck 1.000000
Image 2903: bird 1.000000
Image 2904: horse 0.994731
Image 2905: deer 0.998181
Image 2906: automobile 1.000000
Image 2907: truck 1.000000
Image 2908: horse 1.000000
Image 2909: airplane 0.999943
Image 2910: ship 0.998359
Image 2911: automobile 1.000000
Image 2912: bird 0.844308
Image 2913: airplane 1.000000
Image 2914: frog 1.000000
Image 2915: dog 1.000000
Image 2916: automobile 1.000000
Image 2917: deer 1.000000
Image 2918: bird 1.000000
Image 2919: ship 1.000000
Image 2920: bird 1.000000
Image 2921: ship 1.000000
Image 2922: cat 1.000000
Image 2923: horse 0.904913
Image 2924: automobile 1.000000
Image 2925: deer 0.999967
Image 2926: truck 1.000000
Image 2927: ship 1.000000
Image 2928: automobile 1.000000
Image 2929: automobile 1.000000
Image 2930: horse 0.498342
Image 2931: truck 0.999999
Image 2932: truck 1.000000
Image 2933: deer 0.999993
Image 2934: frog 1.000000
Image 2935: ship 0.999990
Image 2936: dog 1.000000
Image 2937: cat 0.918883
Image 2938: bird 0.564483
Image 2939: bird 0.999097
Image 2940: airplane 0.995008
Image 2941: ship 1.000000
Image 2942: dog 1.000000
Image 2943: automobile 1.000000
Image 2944: truck 1.000000
Image 2945: horse 1.000000
Image 2946: truck 1.000000
Image 2947: automobile 1.000000
Image 2948: dog 0.752590
Image 2949: cat 1.000000
Image 2950: automobile 0.999997
Image 2951: truck 0.594491
Image 2952: cat 0.999966
Image 2953: ship 1.000000
Image 2954: truck 1.000000
Image 2955: bird 1.000000
Image 2956: airplane 1.000000
Image 2957: ship 0.909251
Image 2958: airplane 0.886731
Image 2959: bird 0.960354
Image 2960: truck 0.997690
Image 2961: deer 1.000000
Image 2962: ship 0.999998
Image 2963: cat 1.000000
Image 2964: airplane 1.000000
Image 2965: horse 1.000000
Image 2966: airplane 1.000000
Image 2967: horse 1.000000
Image 2968: airplane 0.991653
Image 2969: dog 1.000000
Image 2970: horse 0.818719
Image 2971: deer 1.000000
Image 2972: cat 1.000000
Image 2973: airplane 1.000000
Image 2974: truck 1.000000
Image 2975: truck 0.985547
Image 2976: airplane 0.999980
Image 2977: frog 0.999714
Image 2978: horse 0.999999
Image 2979: airplane 1.000000
Image 2980: ship 1.000000
Image 2981: deer 0.999066
Image 2982: deer 1.000000
Image 2983: dog 1.000000
Image 2984: bird 1.000000
Image 2985: bird 0.997571
Image 2986: automobile 1.000000
Image 2987: airplane 0.980773
Image 2988: cat 0.996964
Image 2989: frog 0.999978
Image 2990: deer 0.999988
Image 2991: cat 1.000000
Image 2992: deer 0.999997
Image 2993: airplane 1.000000
Image 2994: ship 1.000000
Image 2995: deer 0.999883
Image 2996: ship 1.000000
Image 2997: dog 0.636471
Image 2998: dog 1.000000
Image 2999: frog 0.999999
